0 2 4 7 8 10 11 13 16 23 24 25 26 27 28 31 32 33 34 35 37 38 39 41 42 44 46 47 48 50 59 66 68 70 72 75 79 80 81 82 83 88 92 95 14 64 52 22 54 51 63 49 58 21 19 3 29 67 9 71 73 74 78 84 89 90 91 93 97 98 12 36 15 18 53 43
0 79
0 16
0 72
0 81
0 83
0 88
0 75
0 80
0 82
0 92
0 95
0 68
0 71
0 73
0 74
0 78
0 84
0 89
0 91
0 97
0 98
2 54
4 54
4 44
7 19
7 28
8 52
8 25
8 34
10 29
11 19
11 3
13 51
13 27
13 36
16 35
16 15
23 22
23 32
24 63
26 31
26 64
28 29
28 67
31 14
32 54
32 51
32 90
32 18
32 53
33 14
34 41
35 52
37 52
37 42
37 22
37 93
37 43
38 64
38 58
39 9
41 63
42 46
44 49
44 19
46 12
47 49
48 51
50 67
59 58
59 21
66 21
70 3
75 9
79 14