2 14 25 27 33 36 37 39 41 43 45 48 49 50 52 54 56 57 60 61 62 64 66 67 68 69 70 71 72 73 74 76 77 78 79 80 81 82 83 84 85 86 87 91 92 94 95 96 97 98 90 35 15 58 32 4 12 89 13 31 59 55
2 98
14 37
25 81
27 82
27 70
27 94
27 31
33 41
36 82
37 81
37 69
39 60
41 83
43 94
45 91
48 82
49 97
50 96
50 56
52 94
54 73
57 82
60 87
61 97
62 66
64 70
64 66
64 86
66 74
67 94
68 79
69 96
70 72
70 91
70 90
70 89
71 98
71 83
73 82
76 82
77 94
78 82
79 82
80 94
80 84
81 94
81 92
81 32
81 4
82 85
82 15
82 13
87 94
94 97
94 98
94 95
94 35
94 58
94 12
94 59
94 55