1 3 6 7 8 10 12 14 16 18 20 22 25 27 28 29 31 33 37 39 40 43 45 47 48 50 51 55 56 58 59 60 66 68 70 71 73 76 2 4 11 19 21 23 30 32 36 38 41 42 52 54 57 61 65 17 62 24 26 34 35 74 64 75 69
1 2
3 2
3 4
3 18
6 4
6 7
6 8
7 11
8 10
8 12
10 14
16 11
16 19
18 17
20 19
20 21
20 55
22 21
22 23
22 29
22 30
25 23
25 28
25 24
25 26
27 28
27 32
31 30
31 54
33 32
33 36
33 34
33 35
37 36
37 38
39 40
39 42
40 38
40 41
43 41
45 42
45 47
47 48
48 50
50 52
51 52
56 54
56 57
56 65
58 57
58 59
58 61
59 75
60 61
60 74
66 65
68 65
68 76
68 69
70 76
71 17
73 62
76 62
76 64