1 3 5 8 9 11 13 14 16 18 21 24 26 27 29 31 32 34 36 38 39 41 44 47 48 49 50 53 55 57 59 61 63 64 66 67 70 71 73 75 76 77 79 81 83 86 88 90 91 92 93 96 98 72 2 0 52 99 30 62 82 35 22 80 97 15 28 45 65 20 58 46 74 89 37 40 33 23 25 12 43
1 72
1 2
1 0
3 2
3 83
5 83
8 72
9 83
9 82
11 64
11 26
13 14
13 30
14 59
14 15
16 15
18 38
21 22
24 73
24 23
24 25
26 27
27 28
29 28
31 30
32 38
32 86
32 33
34 70
34 36
36 77
36 55
36 35
38 73
38 39
38 37
39 40
41 35
44 72
47 48
47 88
47 46
48 66
48 20
48 58
49 76
49 90
50 52
53 0
53 52
57 0
59 99
61 62
63 2
63 64
64 97
66 71
66 99
66 67
66 65
67 22
70 71
70 92
71 72
71 73
71 45
73 74
73 89
75 76
76 77
79 80
81 82
81 80
83 62
91 92
92 93
92 12
93 43
96 97
98 99