0 1 2 4 5 7 8 10 12 14 15 16 17 20 30 33 35 44 45 47 37 74 60 46 40 52 26 3 82 6 36 55 11 48 22 49 50 51 53 54 56 57 58 59 61 62 63 64 65 66 67 68 69 70 71 72 73 75 76 77 78 79 80 81 83 18 24 43 23
0 37
0 74
0 60
0 52
0 82
0 55
0 49
0 50
0 51
0 53
0 54
0 56
0 57
0 58
0 59
0 61
0 62
0 63
0 64
0 65
0 66
0 67
0 68
0 69
0 70
0 71
0 72
0 73
0 75
0 76
0 77
0 78
0 79
0 80
0 81
0 83
1 5
2 40
2 44
4 36
5 47
7 52
8 20
10 40
12 36
14 37
14 17
14 18
14 24
15 22
16 60
16 46
16 23
20 35
30 46
30 40
33 3
35 74
35 48
35 43
44 26
45 82
45 6
47 11
26 3
6 36
55 11
48 22