0 3 4 6 7 8 9 10 12 17 19 20 21 22 25 26 27 28 29 30 31 33 34 35 36 37 38 39 40 43 48 49 50 52 54 60 61 62 63 64 66 68 70 73 74 77 79 81 82 83 84 86 87 91 92 93 96 97 99 75 41 47 11 90 23 65 24 46 1 53 14 88
0 74
0 68
3 48
4 36
6 19
6 74
6 1
7 97
7 36
7 90
8 23
9 41
10 81
12 77
17 64
20 83
21 36
22 65
25 33
25 84
26 97
26 37
26 31
26 14
27 37
28 62
28 24
29 99
30 24
31 43
33 83
34 37
34 62
35 38
35 81
36 75
36 54
38 11
38 87
38 79
39 52
39 11
39 99
40 23
40 46
43 91
48 73
49 11
49 63
50 82
52 97
52 41
52 73
52 53
54 65
60 90
61 92
61 88
63 23
64 75
66 79
68 83
68 92
70 11
74 97
74 47
77 46
82 75
86 47
87 93
93 96