0 1 2 4 5 6 7 8 9 10 11 12 14 15 16 17 18 19 21 22 24 25 27 30 32 33 34 42 44 45 43 47 49 35 41 36 37 46 48 50 51 52 53 54 55 56 57 58 59 60 61 62 63 64 65 66 67 68 69 70 71 72 73 74 88 97
0 44
0 45
0 34
0 47
0 49
0 30
0 36
0 37
0 46
0 48
0 50
0 51
0 52
0 53
0 54
0 55
0 56
0 57
0 58
0 59
0 60
0 61
0 62
0 63
0 64
0 65
0 66
0 67
0 68
0 69
0 70
0 71
0 72
0 73
0 74
1 44
1 15
2 45
4 43
4 11
5 47
5 10
6 17
6 25
7 49
7 8
7 33
8 22
9 17
10 14
12 35
12 16
17 34
17 35
17 27
17 88
18 19
18 41
19 25
21 25
22 42
24 42
30 97
32 41
34 43