1 2 3 4 5 6 9 11 12 13 14 15 18 19 20 22 23 24 26 27 28 30 31 33 34 35 37 39 40 41 43 45 47 48 49 50 51 52 55 56 59 61 62 64 67 69 70 78 84 87 88 94 96 76 7 10 60 8 53 98 80 17 72 66 38 81 54 21 36 0 95 46 63 75 93 58 42 99 83
1 4
1 88
2 76
2 4
2 0
3 76
3 9
3 7
3 10
4 48
5 6
6 7
9 20
9 95
11 51
12 8
12 50
13 19
13 75
14 10
15 19
15 96
18 45
18 26
18 27
18 17
18 93
19 55
20 21
22 55
22 45
22 53
23 81
24 38
26 40
26 31
26 58
27 80
28 17
28 30
33 53
33 64
34 64
35 54
35 36
37 54
37 69
39 56
41 52
41 81
43 21
47 61
47 42
49 7
49 8
51 10
52 72
55 88
55 60
55 46
55 63
56 66
56 38
59 36
59 78
61 60
61 62
62 98
64 84
67 96
67 54
70 87
70 66
70 83
84 72
87 98
87 99
94 80