1 3 5 7 9 11 13 15 17 19 21 23 25 27 29 32 34 36 38 40 42 44 50 52 54 56 58 60 62 64 67 69 0 2 4 68 6 8 66 65 10 63 12 61 14 59 45 43 57 16 51 18 53 41 20 39 22 24 37 35 26 28 33 46 47 48 49
1 0
1 2
3 2
3 4
5 4
5 6
7 6
7 8
9 8
9 10
11 10
11 12
13 12
13 14
15 14
15 50
15 45
15 16
15 46
15 47
15 48
15 49
17 16
17 18
19 18
19 20
21 20
21 22
23 22
23 24
25 24
25 26
27 26
27 28
29 28
32 33
34 35
34 33
36 37
36 35
38 39
38 37
40 41
40 39
42 43
42 41
44 45
44 43
50 51
52 51
52 53
54 53
56 57
58 59
58 57
60 61
60 59
62 63
62 61
64 65
64 63
67 68
67 66
69 0
69 68
66 65