0 1 2 3 4 5 6 9 12 13 14 17 18 23 24 25 26 28 29 30 34 39 40 45 46 47 48 49 50 54 61 63 67 70 71 76 80 82 83 84 87 88 89 95 96 59 8 43 41 86 20 38 35 44 7 42 53 55 56 57 58 60 62 64 65 66 68 69 72 73 74 75 77 78 79 81 85 90 91 92 93 94
0 29
0 88
0 80
0 96
0 61
0 63
0 89
0 87
0 71
0 83
0 82
0 70
0 67
0 95
0 76
0 84
0 59
0 86
0 55
0 56
0 57
0 58
0 60
0 62
0 64
0 65
0 66
0 68
0 69
0 72
0 73
0 74
0 75
0 77
0 78
0 79
0 81
0 85
0 90
0 91
0 92
0 93
0 94
1 43
2 28
3 12
3 4
5 59
5 8
5 6
5 42
6 39
9 29
9 43
12 41
12 23
12 54
13 53
14 35
17 43
18 43
18 30
18 38
24 7
25 41
25 50
25 35
25 53
26 38
26 34
28 8
40 86
40 20
40 7
45 41
46 20
47 44
48 7
49 42
50 44
87 41