0 3 5 8 9 10 11 12 13 15 19 20 23 24 29 30 31 34 35 38 40 42 43 44 46 47 49 50 51 52 56 57 58 61 64 66 69 70 72 76 77 80 82 84 86 88 14 22 1 28 45 48 71 60 74 63 68 87 75 73 83 81 2 4 16 6 7 37 32 33 36 39 18 21 26 27 25 17
0 3
0 1
0 2
3 10
3 11
3 4
5 10
8 14
8 9
8 28
8 6
8 7
9 19
10 13
11 20
11 18
11 21
12 1
12 17
13 14
13 16
15 14
19 44
19 45
20 22
23 22
23 24
23 26
23 27
24 25
29 30
29 36
30 28
30 35
30 31
30 32
30 33
31 38
34 35
35 50
35 39
40 43
42 46
43 45
43 46
44 37
46 47
47 48
47 56
47 51
49 50
50 72
51 52
56 60
57 48
57 58
61 60
61 63
64 63
66 69
69 70
69 68
70 71
70 73
72 71
72 74
76 74
76 87
76 75
77 73
80 81
82 75
82 83
82 81
84 83
86 68
88 87