6 7 12 16 20 21 24 25 30 34 38 42 44 45 49 51 55 64 68 69 72 74 75 76 77 80 81 82 87 88 89 91 93 94 97 98 99 83 54 33 48 62 46 1 86 90 2 15 85 36 56 13 32 0 95 14 17 27 37 29 71
6 76
7 1
7 72
12 99
12 21
16 25
16 27
20 76
20 29
20 71
24 87
24 86
25 48
25 17
30 83
30 89
34 69
38 44
42 68
42 44
42 33
42 85
44 76
44 80
44 98
44 88
44 2
44 15
45 86
49 33
51 54
55 64
64 62
64 46
68 93
68 74
68 36
68 56
68 13
68 32
69 89
69 54
69 99
75 54
76 87
76 90
77 98
80 91
80 94
80 0
80 95
81 98
82 46
87 1
88 37
91 48
91 14
93 83
94 62
97 98