0 3 4 6 7 8 9 10 12 13 15 16 18 19 20 21 22 28 30 32 33 40 41 42 47 58 60 62 69 71 72 76 78 79 86 89 91 95 96 98 54 46 61 70 45 73 74 88 92 93 5 23 17 65 37 35 34 1 83 2 25 56 51 24 48 14 59 63 67 75 84 85 87 90 99
0 25
3 35
3 34
4 37
6 45
7 47
7 46
7 48
8 51
9 54
10 56
12 62
12 61
12 63
13 65
15 70
15 72
15 71
16 73
16 74
16 75
18 79
19 83
20 86
20 85
20 87
21 88
21 89
21 90
22 91
22 92
22 93
28 1
30 34
30 1
30 83
32 47
32 2
33 2
40 60
40 5
41 5
41 76
42 5
47 54
47 25
47 84
58 92
60 91
60 37
62 46
62 73
62 65
69 61
69 70
69 14
71 79
72 45
72 35
76 17
78 17
79 51
86 74
86 88
91 88
91 59
95 93
95 23
96 23
98 61
98 24
25 56
24 99
14 67