0 2 6 7 9 10 12 13 14 16 17 18 19 21 22 25 26 28 29 30 32 33 35 37 38 42 43 45 49 61 64 65 67 68 78 81 82 85 89 93 96 97 40 94 50 31 95 3 51 74 48 71 86 8 39 44 58 46 66 69 70 72 73 75 76 77 79 80 83 84 87 88 90 91 92 98 99 62 53
0 13
0 42
0 81
0 35
0 78
0 96
0 85
0 67
0 68
0 93
0 82
0 65
0 97
0 89
0 94
0 95
0 74
0 71
0 86
0 46
0 66
0 69
0 70
0 72
0 73
0 75
0 76
0 77
0 79
0 80
0 83
0 84
0 87
0 88
0 90
0 91
0 92
0 98
0 99
2 3
6 50
7 30
9 50
10 71
10 8
10 39
12 13
12 64
14 51
16 74
16 48
16 58
17 30
18 39
19 48
21 44
22 58
25 58
26 28
28 86
29 31
29 51
30 3
30 43
32 40
32 44
32 49
33 8
35 53
37 94
38 95
42 50
42 62
45 31
61 58
67 3
89 31
96 40