0 2 5 7 9 11 14 16 18 20 22 24 26 29 33 35 41 42 47 48 50 53 55 56 59 61 62 65 67 68 70 74 76 79 81 84 86 88 90 92 95 97 99 1 3 4 6 8 13 12 15 17 10 23 25 19 34 21 31 32 27 37 28 38 30 40 43 54 36 46 39 49 51 52 66 57 58 60 72 73 77 69 71 82 83 85 87 80 91 89 98
0 1
0 10
2 1
2 3
5 4
5 6
7 6
7 8
9 8
9 19
11 12
11 21
14 4
14 13
14 15
16 15
16 17
18 17
18 28
20 10
20 30
22 23
22 32
24 15
24 23
24 25
24 34
26 25
26 27
29 19
29 39
33 34
33 43
35 34
35 36
41 31
41 51
42 32
42 52
47 37
47 57
48 38
48 58
50 40
50 60
53 43
55 54
56 46
56 66
59 49
59 69
61 51
61 71
62 52
62 72
65 66
67 57
67 77
68 58
70 60
70 80
74 73
76 77
79 69
79 89
81 71
81 82
84 83
84 85
86 85
86 87
88 87
90 80
90 91
92 91
95 85
97 98
99 89
99 98
3 4
13 12
34 54
21 31
27 37
28 38
30 40
36 46
39 49
72 73
82 83