1 3 4 6 8 10 12 14 16 18 20 22 24 26 28 30 32 34 36 38 40 42 44 46 48 50 52 54 56 58 60 62 64 66 68 70 72 74 76 78 80 82 84 86 88 90 92 94 96 98 99 2 97 5 95 7 9 11 93 13 91 15 89 17 19 87 21 85 23 25 83 27 81 29 31 79 33 77 35 75 37 73 39 71 41 43 45 47 49 69 67 51 65 53 63 55 61 59 0
1 99
1 2
1 0
3 2
3 4
4 5
6 5
6 7
8 7
8 9
10 9
10 11
12 11
12 13
14 13
14 15
16 15
16 17
18 17
18 19
20 19
20 21
22 21
22 23
24 23
24 25
26 25
26 27
28 27
28 29
30 29
30 31
32 31
32 33
34 33
34 35
36 35
36 37
38 37
38 39
40 39
40 41
42 41
42 43
44 43
44 45
46 45
46 47
48 47
48 49
50 49
50 51
52 51
52 53
54 53
54 55
56 55
58 59
60 61
60 59
62 63
62 61
64 65
64 63
66 67
66 65
68 69
68 67
70 71
70 69
72 73
72 71
74 75
74 73
76 77
76 75
78 79
78 77
80 81
80 79
82 83
82 81
84 85
84 83
86 87
86 85
88 89
88 87
90 91
90 89
92 93
92 91
94 95
94 93
96 97
96 95
98 99
98 97