0 1 4 11 14 16 17 19 23 26 27 29 34 36 37 39 40 42 45 46 47 49 50 52 55 57 58 60 64 67 68 69 70 74 77 78 79 81 82 85 86 87 89 90 92 95 96 20 83 54 9 31 48 21 2 22 71 75 13 7 10 15 43 44 51 53 61 65 73 80
0 70
0 58
0 54
1 87
1 40
4 40
11 58
11 74
11 10
14 9
14 15
14 51
16 36
16 53
16 61
17 64
17 71
19 81
23 54
23 9
23 29
23 65
26 74
26 43
27 83
27 21
29 42
34 58
36 20
36 37
36 90
37 39
39 31
40 47
42 45
46 71
46 87
46 86
49 70
49 67
49 7
50 55
52 20
52 83
55 31
55 48
57 13
57 95
58 92
58 20
60 75
64 2
64 22
64 77
67 44
68 70
68 2
69 21
74 73
77 85
77 89
78 22
78 75
78 13
79 9
81 48
82 22
82 96
92 80