0 1 3 5 7 9 11 13 15 17 19 21 22 24 26 27 28 31 33 35 36 38 41 43 45 48 51 52 54 56 58 60 62 64 66 68 70 72 74 75 77 69 23 73 50 63 32 8 10 4 44 59 20 12 49 18 65 53 6 25 29 34 37 40 71 76
0 35
0 1
0 15
0 49
3 4
5 15
5 4
7 70
7 8
7 6
9 10
9 20
11 75
11 10
11 12
13 12
15 43
17 18
19 20
19 18
21 41
21 77
21 27
21 63
21 35
22 38
22 23
24 23
26 27
26 60
26 25
27 28
27 33
28 29
28 37
31 32
33 32
33 34
35 36
36 56
38 41
41 40
43 44
45 44
48 49
51 50
51 58
51 65
52 8
52 53
54 53
60 59
62 63
64 59
66 65
68 77
68 69
70 69
70 71
72 73
74 69
74 73
74 75
75 50
77 76