0 1 2 5 7 8 10 11 12 13 14 15 16 17 21 28 29 32 33 34 38 40 44 46 48 49 67 31 51 6 19 43 22 26 9 50 35 42 30 41 52 54 55 57 58 59 60 62 64 65 66 68 70 71 73 74 75 76 77 78 81 83 85 86 87 88 89 90 92 96 97 98 24 45 20
0 40
0 67
0 41
0 52
0 54
0 55
0 58
0 59
0 62
0 64
0 65
0 66
0 68
0 71
0 73
0 74
0 75
0 76
0 77
0 78
0 81
0 83
0 85
1 31
1 51
1 86
1 87
1 88
1 89
1 90
1 92
1 96
1 97
1 98
2 16
2 5
7 6
7 44
8 50
10 26
10 13
10 50
10 57
10 24
10 45
11 51
11 6
12 14
13 14
13 9
13 60
14 17
15 9
16 17
21 35
21 42
28 44
28 19
29 31
29 70
32 6
32 30
33 22
34 42
38 19
38 43
38 22
40 31
40 20
46 50
46 35
48 30
49 43
67 26