0 1 3 4 6 7 9 11 13 14 15 17 18 19 20 21 22 23 24 27 31 32 36 40 41 43 48 49 51 55 56 57 60 61 62 67 68 73 75 77 78 87 88 96 26 25 10 29 12 82 16 53 38 79 28 64 69 99 37 90 47 45 59 70 71 92 2 42 63 30 54 74 76 98 52 80 81
0 27
0 26
0 25
1 29
1 28
1 30
3 36
4 38
4 37
6 43
7 47
7 48
9 53
9 52
11 59
11 60
13 64
14 67
14 68
14 69
15 70
15 71
17 77
17 78
18 79
18 80
18 81
19 82
20 87
21 90
21 88
22 92
23 96
24 99
27 61
27 77
27 82
31 45
31 2
32 2
36 53
40 90
41 69
43 53
43 47
49 37
49 96
51 37
55 25
55 10
55 53
55 79
55 76
56 10
56 67
57 10
57 90
60 70
61 12
61 42
62 12
62 99
67 98
73 16
73 38
75 26
75 16
75 54
77 29
77 64
87 28
87 45
88 59
12 63
16 74
71 92