0 5 6 7 10 11 14 16 17 20 25 27 31 33 34 38 40 43 44 48 49 50 52 53 55 56 57 59 65 66 68 69 74 75 76 79 80 81 82 83 87 92 96 28 93 35 84 2 67 30 98 29 18 85 26 51 54 1 36 58 24 19 95 41 90 9 46 97 73 12 3 4
0 83
0 81
5 35
6 28
7 84
7 74
7 92
7 96
10 2
11 68
11 30
11 27
11 9
14 67
16 34
17 29
20 30
20 98
20 18
20 52
25 68
31 83
31 28
33 30
34 30
34 51
34 46
38 85
40 35
40 50
43 93
43 35
43 54
44 26
48 51
48 24
48 97
49 28
49 93
49 84
52 1
52 73
53 54
55 74
55 58
55 69
56 1
57 36
59 58
59 87
65 24
66 19
66 82
68 74
68 67
68 36
68 19
68 95
74 2
74 26
74 90
75 51
76 83
79 24
80 41
92 3
96 4
98 29
18 85
36 12
95 41