0 1 2 3 4 5 6 7 8 9 10 11 13 16 17 19 25 28 29 35 36 42 82 26 43 86 52 18 89 23 32 38 44 45 46 47 48 49 50 51 53 54 55 56 57 58 59 60 61 62 63 64 65 66 67 68 69 70 71 72 73 74 75 76 77 78 79 80 81 83 84 85 87 88 90 91 92 93 94 95 96 97 98
0 1
0 36
0 52
0 44
0 45
0 46
0 47
0 48
0 49
0 50
0 51
0 53
0 54
0 55
0 56
0 57
0 58
0 59
0 60
0 61
0 62
0 63
0 64
0 65
0 66
0 67
0 68
0 69
0 70
0 71
0 72
0 73
0 74
0 75
0 76
0 77
0 78
0 79
0 80
0 81
1 82
1 86
1 89
1 83
1 84
1 85
1 87
1 88
1 90
1 91
1 92
1 93
1 94
1 95
1 96
1 97
1 98
2 82
2 25
3 36
3 4
4 43
5 26
6 35
6 13
7 43
8 86
8 18
9 52
9 42
10 18
11 89
11 38
16 23
17 43
19 18
28 32
29 38
35 26
36 26
42 23
42 32