1 8 9 11 13 15 18 21 23 25 29 32 36 38 40 42 44 46 49 53 56 59 61 63 66 69 71 73 75 78 81 85 87 89 93 95 97 99 12 14 57 47 94 24 72 96 50 98 41 70 79 54 74 19 0 45 82 92 60 22 37 10 43 88
1 0
1 45
8 98
8 9
8 41
9 88
11 12
13 12
13 14
15 14
15 47
18 50
18 19
21 22
23 24
25 92
29 37
32 57
36 19
38 50
38 37
40 41
42 73
42 43
44 45
46 47
46 94
46 10
49 47
49 50
53 54
56 12
56 57
59 70
59 92
59 60
61 60
63 0
66 82
69 41
69 70
71 70
71 79
73 72
73 74
75 0
75 22
78 79
78 54
81 74
81 82
85 79
87 12
89 94
89 24
93 94
95 94
95 72
95 96
97 96
97 98
99 98
99 0