3 8 9 10 11 13 15 17 19 20 21 27 28 29 31 32 34 35 37 39 45 46 47 51 52 53 54 57 58 62 63 64 65 66 67 68 74 76 81 82 84 85 88 89 90 92 94 95 97 99 0 80 14 49 2 75 44 25 50 79 7 93 12 36
3 8
3 68
8 0
9 0
9 85
9 31
9 29
10 0
10 19
10 79
11 45
11 76
13 89
15 47
17 92
17 80
17 7
19 46
19 94
19 92
19 49
20 0
21 80
27 2
28 14
31 67
31 58
31 63
32 80
32 14
32 44
32 88
34 95
34 65
35 44
37 66
37 97
39 62
45 0
45 95
45 84
47 51
51 92
51 93
52 84
53 25
53 90
54 99
54 89
57 44
58 25
62 65
64 49
64 66
66 75
66 12
74 14
81 25
82 75
92 2
99 75
0 50
75 36