1 2 6 7 8 9 11 12 13 14 17 18 19 21 23 24 25 26 30 31 33 35 38 40 41 48 52 55 57 62 64 65 67 71 72 74 75 79 80 82 83 84 86 87 88 89 90 91 92 95 96 4 97 93 54 53 60 69 42 37 5 99 56 49 22 98 28 29 63 10 81 36 61 39
1 41
2 93
2 98
6 67
6 89
6 42
6 75
7 62
8 88
9 54
9 60
9 37
11 88
11 13
11 74
11 96
12 95
12 69
13 25
14 69
17 26
17 30
18 93
19 89
21 95
23 53
23 88
23 91
23 61
24 62
24 5
26 93
26 87
31 42
33 4
33 97
33 67
33 53
35 48
38 41
38 65
40 37
41 4
41 90
48 54
52 5
55 87
57 64
57 79
62 54
64 97
67 54
67 10
67 81
71 89
71 36
72 99
72 22
80 56
82 49
83 97
83 92
84 93
84 63
86 22
87 99
87 56
87 28
87 29
91 39
95 60
95 49
97 93