0 2 3 5 7 8 9 11 13 15 16 18 21 23 24 27 28 30 35 36 37 38 40 42 43 44 45 47 49 54 56 57 58 59 60 65 66 67 69 74 76 77 80 81 84 87 88 89 90 93 97 63 25 51 10 12 41 64 17 1 72 48 82 78 20 4 6 32 33 22 29 61 34 53 62 68 79
0 7
0 1
2 9
3 1
3 5
5 20
7 8
7 6
8 16
8 32
9 17
11 12
11 33
13 51
13 10
13 4
15 10
15 12
15 21
16 21
16 43
16 37
18 25
18 51
21 28
21 17
21 29
23 20
23 24
27 20
28 57
28 22
30 58
30 80
30 44
35 38
35 34
36 40
38 43
38 48
40 42
40 41
42 44
45 41
47 48
47 49
47 82
54 63
54 25
56 57
56 53
56 62
57 58
58 59
58 74
59 60
60 69
60 64
60 72
60 61
65 63
65 67
66 64
66 89
69 90
69 68
74 79
76 72
76 77
77 93
80 78
81 82
81 84
87 78
88 64
90 97