0 2 3 10 11 13 17 20 23 24 26 27 28 33 35 36 37 39 41 42 44 46 48 50 52 54 55 56 57 58 59 60 61 63 64 65 66 68 69 72 74 75 78 83 84 85 86 90 93 96 97 82 79 31 14 80 4 38 87 40 76 43 49 81
0 78
0 74
0 44
2 65
2 56
3 75
10 14
10 26
11 90
13 80
17 96
17 83
17 57
17 80
20 90
23 69
23 42
23 76
24 55
24 31
27 90
27 96
27 41
28 68
33 75
35 90
36 55
36 72
37 75
39 87
44 79
44 4
44 43
46 4
48 78
50 54
52 90
52 55
54 90
54 69
54 64
58 85
59 75
60 96
61 74
61 65
61 87
63 38
64 78
65 93
65 82
66 85
68 82
68 75
69 97
69 49
74 86
84 79
85 31
86 38
90 14
90 40
97 81