0 1 2 4 5 6 7 8 9 10 11 13 14 15 17 19 21 22 23 24 33 34 35 36 39 48 52 61 63 68 71 73 74 75 77 79 80 81 82 84 87 91 93 27 26 96 16 76 64 83 65 78 41 99 89 3 56 69 18 43 60 67 51 40 29 25 98 44 72 88 55 57 59 54 12 95
0 27
0 26
0 25
1 29
2 33
4 39
5 41
5 40
6 43
7 48
8 51
9 52
10 56
10 55
10 57
11 60
13 64
13 65
14 68
14 69
14 67
15 71
17 77
17 76
17 78
19 83
19 84
19 82
21 89
22 93
22 91
23 96
23 95
24 99
33 35
34 3
35 83
35 3
36 3
39 75
39 99
48 76
52 83
61 67
63 77
63 64
63 12
68 73
68 44
68 72
71 69
73 27
73 16
73 83
73 98
74 16
74 60
74 59
75 16
75 56
75 88
77 26
79 87
79 29
80 65
80 41
80 18
81 18
81 43
82 51
84 54
87 78
93 40
26 96
78 89