0 3 5 7 8 9 12 14 20 22 23 24 25 28 29 30 33 34 35 38 40 41 43 44 45 46 47 51 56 60 62 63 65 70 72 74 75 76 78 85 86 90 91 94 53 10 93 77 50 21 42 6 59 58 37 16 64 66 67 68 69 71 73 79 80 81 82 83 84 87 88 89 92 95 96 97 98 99 54
0 90
0 22
0 91
0 14
0 74
0 65
0 62
0 85
0 94
0 72
0 78
0 76
0 63
0 75
0 86
0 70
0 93
0 77
0 64
0 66
0 67
0 68
0 69
0 71
0 73
0 79
0 80
0 81
0 82
0 83
0 84
0 87
0 88
0 89
0 92
0 95
0 96
0 97
0 98
0 99
3 44
5 25
5 7
8 42
9 10
12 59
14 38
14 34
14 54
20 77
20 50
22 53
23 53
24 43
24 33
24 51
25 50
25 6
28 6
29 6
30 37
33 58
34 59
35 44
35 47
35 37
40 21
41 93
43 10
44 53
45 16
45 60
46 58
56 60
70 10
74 16
78 21
94 42