0 1 2 3 4 5 7 8 9 10 11 13 14 15 16 17 18 19 21 23 24 26 28 35 39 43 44 45 48 52 55 59 61 62 74 81 83 84 85 86 87 91 93 96 31 36 6 88 95 90 78 76 49 20 27 79 80 70 47 22 57 12 40 99 68 38 66 60 32 33 34 37 46 56 89 92 94
0 27
0 26
1 28
2 31
2 32
2 33
3 35
3 36
3 34
4 39
4 38
5 40
7 47
7 48
7 46
8 49
9 52
10 55
10 57
10 56
11 60
11 59
13 66
14 68
15 70
16 74
17 78
17 76
18 79
18 81
18 80
19 84
19 83
21 88
21 90
21 89
23 95
23 96
23 94
24 99
26 79
28 38
35 31
35 95
35 47
39 36
39 37
43 6
44 31
44 6
44 88
45 6
48 91
48 68
52 62
55 47
55 60
61 12
61 40
62 57
62 12
74 80
74 70
81 66
83 49
84 76
85 47
86 20
86 27
87 95
87 20
91 22
93 22
93 99
90 78
22 92