2 4 5 7 9 11 12 14 15 16 18 21 22 24 26 28 30 31 33 35 36 38 40 42 45 47 49 51 54 56 59 61 63 64 66 68 70 73 75 77 79 81 84 85 86 89 90 93 50 65 48 0 71 87 76 62 88 74 60 37 44 46 3 94 53 55 1 6
2 65
2 93
2 88
4 49
4 54
4 61
4 5
4 87
4 3
5 74
5 1
7 36
9 81
11 12
11 18
12 76
14 15
14 42
15 71
15 90
16 45
18 81
21 74
21 33
22 70
24 48
24 51
26 0
28 73
28 31
30 59
31 70
35 62
35 40
36 62
38 37
45 49
45 65
45 44
45 46
47 48
47 86
47 37
49 50
49 48
49 0
51 60
54 75
54 94
54 53
54 55
56 87
59 60
61 62
63 64
64 65
64 6
66 65
68 75
73 84
75 76
77 89
79 81
84 50
85 50
89 88
93 71