0 1 2 3 4 5 6 7 8 9 10 11 12 13 14 15 16 17 18 19 20 21 22 23 24 25 26 27 28 29 30 31 32 33 65 67 69 71 63 61 59 57 55 53 51 49 47 45 43 41 39 37 73 75 77 79 81 83 85 87 89 91 93 95 97 99 35 50 52 54 56 58 60 62 64 66 68 70 72 74 76 78 80 82
0 35
1 37
1 35
2 39
2 37
3 41
3 39
4 43
4 41
5 45
5 43
6 47
6 45
7 49
7 47
8 51
8 49
8 50
9 53
9 51
9 52
10 55
10 53
10 54
11 57
11 55
11 56
12 59
12 57
12 58
13 61
13 59
13 60
14 63
14 61
14 62
15 65
15 63
15 64
16 65
16 67
16 66
17 67
17 69
17 68
18 69
18 71
18 70
19 71
19 73
19 72
20 73
20 75
20 74
21 75
21 77
21 76
22 77
22 79
22 78
23 79
23 81
23 80
24 81
24 83
24 82
25 83
25 85
26 85
26 87
27 87
27 89
28 89
28 91
29 91
29 93
30 93
30 95
31 95
31 97
32 97
32 99
33 99