0 1 2 3 4 5 6 7 8 9 10 11 12 13 14 15 16 17 18 19 20 21 22 23 24 25 26 27 28 29 30 31 32 33 34 35 36 37 38 39 40 41 42 43 44 45 46 47 48 49 50 51 52 53 54 55 56 57 58 59 60 61 62 63 64 65 66 67 68 69 70 71 72 73 74 75 76 77 78 79 80 81 82 83 84 85 86 87 88 89 90 91 92 93 94 95 98
0 83
0 3
0 98
1 32
1 72
1 82
2 32
2 42
2 43
4 32
5 79
5 48
6 54
6 71
6 22
7 81
7 87
8 85
8 66
9 25
9 44
9 20
10 41
10 11
11 75
11 30
12 80
12 23
13 37
13 88
14 79
14 90
15 88
16 36
17 79
17 76
18 91
18 63
19 92
21 38
23 51
24 46
24 45
25 29
25 91
26 54
26 46
27 54
28 55
28 40
29 46
31 68
31 89
32 40
32 67
33 69
33 58
34 49
34 57
35 57
35 85
36 81
37 57
37 68
38 57
39 83
39 60
41 79
42 84
43 52
47 51
49 93
49 69
50 74
51 86
53 71
53 77
53 65
54 72
55 83
55 62
55 64
56 72
56 93
57 94
58 92
59 90
60 78
61 68
62 79
66 73
70 79
74 86
80 83
81 90
82 95