0 3 6 9 12 15 18 21 24 27 30 33 36 39 42 45 48 51 54 57 60 63 66 69 72 75 78 81 84 87 90 93 96 99 47 50 52 55 59 61 64 67 70 74 77 79 83 44 40 37 34 31 28 25 23 19 17 13 10 7 5 2 85 88 92 95 98 26 29 32 35 38 41 43 46 49 53 56 58 62 65 68 71 73
0 2
3 5
3 2
6 7
6 5
9 10
9 7
12 13
12 10
15 17
15 13
18 19
18 17
21 23
21 19
24 25
24 23
24 26
27 28
27 25
30 31
30 28
30 29
33 34
33 31
33 32
36 37
36 34
36 35
36 38
39 40
39 37
42 44
42 40
42 41
45 47
45 44
45 43
45 46
48 47
48 50
48 49
51 50
51 52
54 52
54 55
54 53
57 55
57 59
57 56
57 58
60 59
60 61
60 62
63 61
63 64
63 65
66 64
66 67
66 68
69 67
69 70
69 71
72 70
72 74
75 74
75 77
75 73
78 77
78 79
81 79
81 83
84 83
84 85
87 85
87 88
90 88
90 92
93 92
93 95
96 95
96 98
99 98