1 4 7 10 12 14 16 17 20 22 24 26 28 30 31 34 37 39 40 43 44 47 48 50 51 54 55 58 60 63 65 67 69 71 72 74 77 78 80 83 85 87 89 92 95 98 56 59 61 64 66 70 73 76 53 46 42 35 33 29 25 23 27 79 82 84 19 8 6 5 15 38 88 90 94 97 21 32 36 41 45 49 52 57 62 68
1 4
4 5
7 8
7 6
10 12
10 8
12 14
14 16
14 15
16 19
17 15
20 22
20 19
20 21
22 23
24 25
24 23
24 27
26 29
26 25
28 27
30 31
30 29
31 33
31 32
34 35
34 33
34 36
37 39
37 35
37 38
39 40
40 42
40 41
43 44
43 42
44 46
44 45
47 48
47 46
48 51
48 49
50 38
51 53
51 52
54 55
54 53
55 56
55 57
58 56
58 59
60 59
60 61
60 62
63 61
63 64
65 64
65 66
67 66
67 68
69 66
69 70
71 70
71 72
72 73
74 73
74 76
77 76
77 78
78 79
80 79
80 82
83 82
83 84
85 84
85 87
87 88
89 88
89 90
92 90
92 94
95 94
95 97
98 97
6 5