0 2 5 7 9 11 13 14 16 18 20 22 25 27 29 31 34 38 41 43 45 47 49 50 52 54 56 57 59 61 63 65 68 70 72 74 77 79 80 83 85 87 89 91 92 94 96 98 6 8 39 4 12 1 10 21 40 15 51 60 81 93 95 97 99 84 78 33 48 75 53 35 3 23 32 42 44 17 90 71 73 62
0 1
0 10
2 12
2 3
5 6
5 4
5 15
7 6
7 8
7 17
9 8
11 22
11 1
13 14
13 12
14 4
16 6
18 8
18 27
20 10
22 12
22 21
22 33
22 23
22 32
25 15
25 35
27 29
29 39
31 21
31 41
34 33
38 39
41 40
43 33
43 44
45 35
47 48
47 57
49 39
49 59
49 48
50 40
50 51
50 60
52 51
52 53
52 42
52 62
54 53
56 57
61 51
61 71
63 72
65 75
68 78
70 60
70 80
72 81
72 73
74 84
74 75
77 87
77 78
79 89
80 81
83 93
83 84
85 95
87 97
89 99
91 81
91 92
91 90
92 93
94 93
94 95
96 95
96 97
98 97
98 99