0 1 3 6 10 14 16 17 19 21 23 27 30 31 37 38 39 40 42 44 45 47 48 51 52 56 57 59 61 65 67 68 70 76 77 78 80 87 88 93 96 98 49 9 94 71 95 36 34 28 24 7 29 84 15 66 62 86 89 20 58 32 33 41 69 73 85 83 55
0 87
0 1
0 37
1 51
1 10
1 45
1 59
1 58
3 36
6 38
6 95
6 24
10 77
14 21
14 96
16 36
17 9
17 31
19 71
21 94
21 78
23 28
23 98
27 76
30 39
30 67
38 51
38 56
38 41
39 34
40 7
42 93
44 96
44 57
44 65
44 89
45 76
47 24
48 67
51 93
51 32
51 33
52 49
52 94
56 84
59 29
59 85
61 49
65 34
68 15
70 93
70 7
76 28
77 69
77 73
78 87
78 71
80 84
87 66
88 29
88 15
88 83
96 62
96 86
49 9
95 36
66 20
32 55