0 1 2 3 5 6 7 8 10 11 12 13 14 16 17 18 21 23 24 25 28 29 33 34 36 37 39 41 44 46 48 51 52 53 54 55 57 58 60 62 63 65 69 71 75 79 81 82 83 87 88 92 93 97 98 4 32 67 30 73 74 20 49 70 77 47 42 89 22 19 96 90 35 85 38 40 15 84 9
0 5
0 14
1 5
1 4
1 7
1 16
1 39
2 4
2 3
2 6
2 13
3 20
3 22
5 11
5 12
5 73
6 67
7 32
7 96
8 10
8 33
8 35
10 32
10 92
10 90
11 74
12 9
13 21
16 18
16 53
17 67
17 44
17 42
21 19
23 30
23 24
23 51
23 89
25 73
25 37
28 74
28 49
29 32
29 30
34 92
36 74
39 63
39 38
39 40
39 15
41 82
41 47
46 48
46 77
48 49
52 32
54 63
54 55
54 60
55 62
57 67
57 58
58 83
60 98
63 65
63 84
69 93
71 92
75 74
79 77
81 47
82 20
87 42
88 89
88 85
92 70
93 70
97 98