0 1 2 6 7 9 11 14 15 18 20 21 22 25 27 29 30 31 32 36 37 38 39 41 42 43 44 49 57 59 63 66 68 70 71 73 75 79 80 82 88 89 90 95 12 34 40 54 51 53 3 24 46 50 35 33 55 58 28 5 10 60 4 61 62 64 69 72 74 76 81 83 84 85 87 91 98 23 48
0 2
0 80
0 70
0 95
0 68
0 79
0 89
0 90
0 82
0 63
0 66
0 73
0 75
0 71
0 88
0 61
0 62
0 64
0 69
0 72
0 74
0 81
0 83
0 84
0 85
0 98
1 58
1 38
2 28
6 3
7 59
9 55
9 58
11 34
14 5
15 28
18 22
20 25
20 3
20 76
21 4
22 53
25 54
25 51
25 55
25 23
27 57
27 24
27 35
27 33
29 12
29 34
30 35
31 44
31 4
32 51
32 53
32 87
36 40
36 59
36 54
36 91
37 46
39 33
41 50
42 24
42 49
42 5
43 10
43 60
44 60
49 46
57 53
57 50
59 48
68 10
70 12
95 40