0 3 8 13 14 16 19 28 30 31 32 34 40 43 46 48 49 50 51 54 56 57 58 63 65 67 69 71 72 73 74 75 77 79 81 84 85 86 87 88 90 91 92 93 94 96 97 98 9 78 23 2 36 82 12 80 38 33 26 39 76 24 42 95 10 25 59 66 11
0 9
3 9
8 78
8 23
8 14
13 23
13 72
14 19
16 2
16 56
16 24
28 69
30 36
31 50
32 63
32 25
34 56
40 58
43 80
46 71
46 38
48 38
48 57
49 75
49 77
50 9
50 92
51 72
51 65
54 33
54 90
54 91
57 94
58 12
63 74
63 67
63 85
67 87
69 87
69 86
71 74
71 73
71 96
71 59
73 36
73 98
74 92
74 2
74 82
74 39
74 76
75 2
75 81
75 42
79 92
79 78
81 95
84 38
85 33
87 10
88 93
92 26
93 80
93 11
96 80
96 66
97 80
82 12