0 1 2 3 4 5 6 8 9 10 11 12 13 16 17 19 20 21 22 23 24 25 26 28 29 30 31 32 34 35 38 39 42 49 51 52 54 55 57 60 62 63 64 66 67 69 71 77 78 79 80 83 84 85 87 88 91 92 93 94 7 90 74 86 18 15 36 61 75 27 56 73 81
0 90
1 49
1 62
1 5
1 4
1 80
1 29
2 4
2 12
2 69
2 3
2 94
3 21
5 9
6 74
6 93
8 12
8 7
9 28
9 54
9 88
10 11
10 31
11 12
11 39
11 52
13 91
16 17
16 78
17 18
19 86
19 20
19 18
19 61
20 35
21 42
22 52
22 27
22 56
22 73
23 94
23 32
24 26
24 25
24 71
25 87
26 91
29 91
30 94
31 57
32 63
32 81
34 35
35 36
38 7
38 90
51 92
52 67
55 62
60 61
64 88
64 79
66 7
71 74
77 75
83 36
83 84
85 15
85 75
92 94
92 15
93 86