0 1 2 3 5 6 7 8 10 13 14 15 16 17 19 20 21 23 24 29 34 37 39 43 45 52 53 58 59 60 61 62 73 79 80 81 82 86 91 92 93 96 25 27 26 9 44 87 4 22 32 95 64 68 70 57 42 77 46 51 36 11 99 18 88 31 63 12 85 98 54
0 25
0 27
0 26
1 29
2 32
3 36
3 34
5 42
6 44
6 45
7 46
8 51
10 57
13 64
14 68
15 70
16 73
17 77
19 82
20 87
20 86
20 85
21 88
23 95
23 96
24 99
29 32
37 4
39 25
39 4
39 95
39 31
39 63
43 93
45 36
52 27
52 9
52 64
53 9
53 42
58 11
59 86
59 11
60 11
61 51
62 27
62 70
62 57
62 77
73 44
79 18
80 18
80 88
81 93
81 99
81 18
82 26
86 68
91 25
91 87
91 22
92 22
92 32
92 46
93 22
93 98
96 51
26 44
9 54
63 12