1 4 6 7 8 10 11 13 14 15 16 17 19 21 22 28 29 32 34 35 36 38 39 42 43 48 51 53 54 56 58 60 61 64 67 69 70 72 76 78 82 85 86 87 88 90 91 95 96 23 5 62 52 25 73 20 26 80 49 93 3 18 83 24 33 98 89 46 2 9 57 75 92 41 97 79
1 4
1 96
1 82
1 56
1 93
4 35
4 43
6 5
6 62
6 51
7 87
7 52
8 23
8 90
8 2
8 9
10 52
11 61
11 15
11 95
13 5
13 38
14 76
15 16
16 39
16 49
17 72
17 34
19 28
19 75
21 72
21 76
21 98
22 87
28 23
28 57
29 56
32 42
34 42
34 85
36 73
38 58
38 46
39 80
43 53
48 20
48 64
48 41
53 26
54 26
60 69
61 25
64 97
67 80
69 72
69 89
70 23
70 5
70 24
72 62
72 33
76 73
78 85
82 25
86 49
87 62
88 62
91 23
91 92
95 79
96 23
96 20
96 3
96 18
96 83