0 2 4 6 7 8 9 11 12 14 15 20 22 23 25 26 28 30 31 32 33 34 35 36 38 39 40 42 43 44 48 52 54 57 59 60 64 68 70 75 77 79 80 81 83 87 97 37 62 66 55 41 51 21 69 71 72 74 76 78 84 88 89 90 91 92 93 94 95 98 99 3 5 10 45 13 16 18 53 65 58
0 97
0 36
0 32
0 87
0 38
0 70
0 79
0 77
0 34
0 83
0 75
0 68
0 80
0 81
0 69
0 71
0 72
0 74
0 84
0 89
0 90
0 91
0 92
0 94
0 95
0 98
0 99
2 30
4 48
4 37
6 36
7 38
8 48
8 20
9 66
9 14
11 55
11 41
11 76
11 10
11 45
12 28
12 23
14 39
14 78
14 13
15 59
22 57
23 26
25 38
28 37
28 54
30 87
30 44
31 36
31 88
33 35
34 53
35 21
36 42
36 51
36 93
36 18
38 64
38 65
39 55
39 5
40 37
43 51
43 21
43 3
48 62
52 57
57 62
57 59
59 66
60 51
60 16
64 58
97 41