2 4 6 7 8 9 10 11 12 13 15 16 17 18 20 21 22 24 25 30 32 34 35 39 42 45 48 53 55 67 68 73 79 81 82 83 84 87 93 95 96 98 99 89 90 3 19 56 36 77 63 47 72 64 52 51 66 60 65 23 94 76 88 0 26 27 97 44 91 80 50 57
2 32
4 39
6 45
7 47
7 48
8 51
9 52
9 53
10 55
10 57
11 60
12 63
13 64
13 66
13 65
15 72
16 73
17 77
18 81
18 79
18 80
20 87
21 89
21 90
21 88
22 93
24 99
24 98
25 89
25 0
25 26
30 94
32 55
32 60
34 3
35 89
35 83
35 81
35 3
35 97
39 36
42 65
45 56
45 96
48 67
55 93
68 87
73 82
73 77
79 64
79 52
81 63
81 44
81 91
82 19
83 99
84 90
84 19
84 72
87 66
93 90
93 56
95 23
96 23
98 51
99 47
90 76
3 36
23 94
0 27
80 50