0 4 6 7 8 10 11 12 13 14 15 17 19 22 23 24 26 27 28 29 30 31 34 36 37 38 39 41 42 46 47 52 53 54 56 57 58 60 61 67 68 73 77 80 82 84 87 90 91 92 95 98 32 2 44 96 9 33 20 21 35 50 83 63 62 64 94 93 86 81 76 1 16 51 40 49 75 3 5 18 25 43 97 55 79 88 48 45
0 6
0 1
4 9
4 11
4 3
4 5
6 7
6 12
7 2
8 2
8 14
8 9
10 11
12 13
12 19
12 18
13 26
14 20
15 20
15 21
17 22
22 21
22 23
22 29
22 16
24 31
24 30
26 31
26 32
26 33
27 33
28 35
29 34
29 35
29 50
29 51
30 36
31 25
34 41
36 37
36 43
37 42
37 44
38 32
38 39
39 46
41 52
41 40
46 47
46 48
46 45
53 56
53 49
54 50
54 58
56 50
56 63
57 58
58 75
60 63
60 61
61 62
61 64
67 64
68 64
73 76
77 81
77 76
80 83
80 79
80 88
82 86
82 81
84 87
84 83
87 91
87 55
90 93
90 86
91 96
91 92
92 97
95 44
95 96
98 62
98 94
94 93