1 2 3 4 6 8 10 12 13 14 15 16 17 18 19 20 21 22 23 24 26 27 33 34 40 41 42 44 46 47 48 49 52 53 54 56 58 59 60 65 71 72 73 76 80 91 7 98 99 50 51 57 0 43 69 11 81 39 37 38 5 94 61 9 84 64 86 90 29
1 29
2 33
3 34
4 39
4 37
4 38
6 43
6 44
8 49
8 50
8 51
10 56
10 57
12 61
13 64
13 65
14 69
15 72
15 71
16 73
17 76
18 81
18 80
19 84
20 86
21 90
22 91
23 94
24 98
24 99
26 0
27 57
27 0
27 43
33 53
34 44
34 94
34 29
40 58
40 5
41 5
41 90
42 5
42 61
46 7
46 84
47 7
47 52
48 7
48 60
48 69
49 99
52 76
52 9
53 37
54 9
56 50
56 39
58 38
59 11
59 81
59 64
60 98
60 11
65 86
72 38
73 51
91 98