1 3 4 5 6 8 11 12 13 14 15 16 17 18 19 20 23 24 25 26 27 28 33 35 36 37 38 39 41 43 44 45 46 47 48 52 53 55 56 57 58 61 63 64 65 66 67 68 72 77 78 80 84 85 86 90 92 97 99 60 0 10 54 2 49 93 7 21 31 9
1 63
1 0
1 2
3 0
3 4
3 5
3 39
3 7
3 21
3 31
4 6
4 9
5 16
6 24
6 8
6 10
8 38
11 10
12 16
13 14
14 17
14 77
14 15
16 18
16 47
16 61
17 18
17 36
18 19
19 20
20 43
23 46
23 48
23 25
23 26
24 85
24 27
25 64
25 33
26 45
27 28
33 58
33 41
33 90
33 99
33 78
35 61
36 55
37 48
39 54
43 52
44 54
44 57
46 60
46 65
46 49
46 93
47 53
52 56
63 60
63 67
64 68
65 72
66 78
66 80
77 86
78 97
84 85
84 92