0 1 3 4 5 6 10 12 13 15 16 18 19 20 21 23 24 31 32 39 40 46 47 48 49 50 52 53 54 55 58 59 60 62 67 68 69 74 76 77 78 84 85 89 91 92 93 34 64 65 28 2 8 90 11 9 37 99 26 27 17 7 70 45 22 97 79 61 14 94 38 25 35 36 43 44 56 63 66 98
0 26
0 27
0 25
1 28
3 34
3 35
3 36
4 37
4 39
4 38
5 40
6 45
6 43
6 44
10 55
10 56
12 62
12 61
12 63
13 64
13 65
13 66
15 70
16 74
18 79
19 84
20 85
21 89
21 90
23 94
24 99
24 97
24 98
31 2
31 49
32 89
32 28
32 2
40 38
46 7
47 78
47 7
48 7
49 8
50 8
52 34
52 9
53 9
53 58
54 9
54 37
55 58
55 26
58 99
58 45
59 65
59 11
60 11
62 45
67 61
67 14
68 14
69 14
74 27
74 77
76 17
76 70
77 17
78 17
84 90
85 97
85 79
89 34
89 64
91 22
92 45
92 22
93 22
93 94