0 1 3 4 5 6 8 10 11 12 13 15 17 18 19 20 21 22 23 31 33 41 46 47 48 52 62 65 66 68 69 73 75 85 89 92 96 97 98 99 84 94 91 7 86 39 55 14 42 24 40 50 95 80 16 26 25 90 2 77 30 58 34 44 72 27 53 54 56 57 61 63 67 74 82 83 87 93
0 26
0 25
0 27
1 30
3 34
4 39
5 42
5 41
5 40
6 44
8 50
10 55
10 56
10 57
11 58
12 62
12 61
12 63
13 65
13 66
15 72
17 77
18 80
19 84
19 82
19 83
20 86
20 85
20 87
21 90
21 89
22 92
22 91
22 93
23 96
23 94
23 95
31 89
31 2
31 77
33 2
33 65
41 34
46 7
47 91
47 7
47 80
48 7
48 42
52 25
52 90
62 96
62 92
65 44
68 14
69 94
69 14
69 53
73 16
73 26
73 30
75 95
75 16
85 39
92 55
92 54
96 84
96 86
97 24
97 72
98 80
99 42
99 24
14 67
40 50
16 74
30 58