0 1 2 4 5 8 9 12 13 14 17 19 20 21 22 23 24 25 26 27 28 30 31 33 34 37 39 40 7 43 63 75 52 15 11 32 38 16 42 44 45 46 47 48 49 50 51 53 54 55 56 57 58 59 60 61 62 64 65 66 67 68 69 70 71 72 73
0 7
0 43
0 63
0 52
0 11
0 42
0 44
0 45
0 46
0 47
0 48
0 49
0 50
0 51
0 53
0 54
0 55
0 56
0 57
0 58
0 59
0 60
0 61
0 62
0 64
0 65
0 66
0 67
0 68
0 69
0 70
0 71
0 72
0 73
1 7
1 75
1 17
1 22
2 43
2 25
4 27
4 32
5 75
5 37
8 12
8 15
9 27
9 12
9 40
13 52
14 40
17 38
19 27
20 15
20 23
21 22
21 24
26 40
26 28
27 63
30 11
31 32
33 38
34 40
34 16
39 16