1 3 5 7 9 11 13 14 15 16 17 19 21 23 25 27 29 31 32 33 34 35 36 37 38 39 40 51 64 65 66 73 74 75 81 82 83 84 85 91 92 93 96 97 98 99 18 20 22 12 10 8 6 4 2 24 26 28 41 42 43 49 50 53 54 55 56 63 67 68 71 72 76 77 80 89 94 95
1 2
3 4
3 2
5 6
5 4
7 8
7 6
9 10
9 8
11 12
11 10
13 14
13 64
13 65
13 66
13 12
13 63
14 15
14 37
14 35
14 36
14 38
15 16
15 32
15 31
15 33
15 34
16 39
16 40
16 17
16 41
16 42
17 18
17 67
17 68
19 18
19 20
21 20
21 22
23 22
23 24
25 24
25 26
27 26
27 28
29 28
31 43
32 51
32 49
32 50
33 53
33 54
33 55
33 56
35 73
35 74
35 75
35 71
35 72
36 76
36 77
36 80
37 84
37 85
37 83
37 81
37 82
37 89
39 91
39 92
39 93
39 94
39 95
40 98
40 96
40 97
40 99