0 1 2 3 4 5 6 7 9 10 11 12 13 14 15 16 17 18 19 24 27 29 31 32 35 36 38 40 43 47 50 51 55 72 82 84 86 87 88 90 91 93 94 95 96 23 34 54 48 42 30 57 56 69 79 58 8 98 74 75 28 70 20 61 64 80 76 25 26 37 39 41 44 45 49 53 81 83
0 27
0 26
1 30
1 29
1 28
2 31
2 32
3 34
3 35
3 36
4 38
4 37
4 39
5 42
5 40
5 41
6 43
6 44
6 45
7 48
7 47
9 54
9 53
10 57
10 55
10 56
11 58
12 61
13 64
14 69
15 72
15 70
16 74
16 75
17 76
18 79
18 80
18 81
19 82
19 84
19 83
24 98
27 54
27 57
27 74
31 96
32 48
32 58
36 54
38 82
38 95
43 50
50 82
50 30
50 8
50 25
51 8
51 98
55 69
72 28
72 64
82 34
84 42
84 79
86 20
87 70
87 20
88 56
90 56
91 96
93 75
94 23
95 23
96 23
8 49
74 61
80 76