0 2 3 5 6 8 13 14 15 17 18 20 23 24 30 33 40 41 47 48 50 51 53 54 57 58 61 62 70 73 32 88 35 97 22 52 46 31 79 84 55 93 65 64 90 98 74 1 4 75 87 72 21 43 19 76 83 29 44 63
0 88
0 5
0 55
0 65
2 98
3 64
5 35
5 97
6 32
6 22
6 87
8 41
8 32
8 88
8 51
8 72
8 29
13 97
14 46
14 53
15 48
15 62
17 52
17 47
17 98
17 21
18 64
18 48
20 35
20 52
20 4
20 76
23 88
23 75
23 83
24 22
24 84
30 93
33 55
33 93
40 90
41 31
41 19
41 44
47 46
50 35
50 1
51 43
53 79
54 79
57 90
58 31
61 84
62 90
70 65
70 64
73 93
97 74
74 63