0 1 2 3 4 5 8 9 10 13 16 19 21 22 23 29 30 31 32 40 43 44 53 54 57 58 66 67 69 71 72 78 79 83 85 86 88 89 91 95 96 97 25 61 45 46 15 70 56 34 62 52 7 12 41 37 24 84 99 36 6 11 17 18 20 26 38 33 64 50 49 68
0 57
0 97
0 89
0 85
0 88
0 95
0 79
0 91
0 96
0 78
0 86
0 83
1 62
1 52
1 41
2 24
2 58
3 25
3 4
4 61
4 45
4 46
4 36
5 72
8 62
8 66
9 46
9 15
10 24
13 70
13 32
13 34
13 84
16 41
16 37
19 12
21 52
22 37
23 56
23 7
29 69
29 62
29 38
30 37
31 57
31 40
31 99
31 18
40 43
40 25
40 17
40 20
40 64
43 11
43 50
44 61
44 33
53 67
54 45
57 26
67 34
69 70
69 56
71 15
71 70
71 6
71 49
71 68
72 7
72 12
95 24