0 1 4 7 10 12 13 14 18 19 21 22 24 25 27 29 30 31 32 33 35 36 38 39 40 42 43 44 45 46 47 48 49 50 52 54 55 57 58 62 63 64 66 69 71 73 74 75 76 77 78 79 80 82 83 85 86 87 88 89 92 95 96 98 6 72 17 99 65 8 23 56 67 51 5 94 97
0 86
0 69
0 6
1 8
4 57
4 17
7 23
10 80
10 85
10 95
12 24
13 89
14 66
14 63
18 85
18 25
18 40
18 62
19 78
21 24
22 63
22 46
24 75
27 38
29 62
30 78
31 32
31 89
31 36
32 33
32 99
33 74
33 92
35 69
35 74
36 48
38 6
39 80
39 23
40 58
42 99
42 8
43 52
44 45
44 52
45 98
45 49
47 65
47 54
49 5
50 96
50 56
50 67
52 71
52 83
55 57
55 82
57 75
57 76
57 94
57 97
58 87
58 72
64 77
64 65
66 85
66 78
66 96
69 80
69 88
73 95
74 75
77 17
79 72
95 98
98 51