1 2 3 4 5 8 10 11 14 16 18 21 23 25 26 27 29 30 32 34 37 38 39 40 42 44 46 48 50 52 54 56 58 59 60 64 66 67 69 70 73 77 78 79 80 83 84 87 88 92 93 24 17 43 13 7 31 36 35 47 49 51 61 63 75 72 74 95 57 19 20 6 9 12 22 28 41
1 2
2 3
3 4
4 21
4 5
4 20
5 60
5 8
5 7
5 6
8 9
10 13
10 11
11 38
11 36
11 12
14 40
16 17
18 23
18 26
18 19
21 23
23 24
23 22
25 24
25 13
26 27
26 29
26 28
27 17
27 31
27 34
29 44
29 43
30 31
30 32
37 36
38 35
38 52
39 47
39 48
40 36
42 43
42 41
46 35
46 47
48 49
50 49
50 51
54 49
56 57
58 7
58 57
59 61
59 63
60 61
64 63
64 69
66 67
67 72
67 74
69 75
70 79
73 84
73 72
77 80
78 72
78 79
79 80
79 95
83 74
84 75
87 74
88 75
92 95
93 51