1 2 4 5 6 7 8 9 10 11 13 15 16 17 19 20 21 22 23 25 26 27 29 33 34 40 43 52 55 62 66 67 68 69 79 81 84 87 90 93 97 98 64 88 38 14 74 75 86 65 18 47 41 0 28 70 48 53 49 59 30 76 95 42 46 12 80 89
1 28
1 29
1 30
2 33
4 38
5 41
5 40
5 42
6 43
7 47
7 48
7 46
8 49
9 53
9 52
10 55
11 59
13 66
13 64
13 65
15 70
16 74
16 75
17 76
19 84
20 87
20 86
21 90
21 88
21 89
22 93
23 95
25 0
26 0
26 28
27 84
27 0
27 70
33 86
33 97
34 62
40 84
43 30
52 49
55 53
62 64
62 12
66 90
66 76
67 14
68 14
68 74
69 64
69 14
69 95
79 18
79 47
81 65
81 18
87 75
93 76
98 48
98 53
98 59
88 38
18 80
47 41