1 3 5 7 8 10 12 14 16 17 19 20 22 23 25 27 29 30 32 35 36 38 39 40 41 42 43 44 45 46 47 48 49 50 51 52 53 55 57 58 59 60 62 64 66 68 69 70 71 73 76 77 79 80 81 82 84 86 88 89 90 91 93 94 96 98 0 2 11 13 21 6 31 61 92 9 54 18 83 15 95 26 85 97 63 65 37 4
1 0
1 2
3 2
5 14
5 6
5 4
7 6
7 8
8 9
10 0
10 20
10 11
12 11
12 13
14 13
16 17
16 15
17 18
19 9
19 18
19 29
20 30
20 21
22 21
22 31
22 23
25 26
27 15
27 26
30 40
32 31
35 36
36 37
38 39
38 37
39 49
40 41
40 50
41 42
42 43
43 44
45 51
45 46
46 47
47 48
48 49
49 59
50 60
50 51
51 52
52 53
53 54
55 54
57 58
58 59
59 69
60 70
60 61
62 61
62 63
64 63
64 65
66 65
66 77
68 69
69 79
70 80
70 71
73 80
76 77
79 89
80 81
80 90
81 82
82 83
84 83
84 85
86 85
88 89
90 91
91 92
93 92
93 94
94 95
96 95
96 97
98 97