0 4 6 8 10 14 16 18 20 24 26 28 30 34 36 38 40 44 46 48 50 54 56 58 60 64 66 68 70 74 76 78 80 84 86 88 90 94 96 98 41 37 42 43 47 35 31 27 45 51 52 53 57 25 21 17 15 11 7 5 1 97 55 61 62 63 67 65 71 72 73 77 75 81 82 83 87 85 91 22 23 29 32 33 39 49 59 69
0 5
0 1
4 1
6 7
6 5
8 11
8 7
10 15
10 11
14 11
16 17
16 15
18 21
18 17
20 25
20 21
24 21
26 27
26 25
26 29
28 31
28 27
30 35
30 31
34 31
36 37
36 35
36 39
38 41
38 37
40 41
44 41
46 43
46 47
46 45
46 49
48 47
50 45
50 51
54 51
56 53
56 57
56 55
56 59
58 57
60 55
60 61
64 61
66 63
66 67
66 65
66 69
68 67
70 65
70 71
74 71
76 73
76 77
76 75
78 77
80 75
80 81
84 81
86 83
86 87
86 85
88 87
90 85
90 91
94 91
96 97
98 1
98 97
41 42
42 43
31 32
51 52
52 53
21 22
61 62
62 63
71 72
72 73
81 82
82 83
22 23
32 33