1 3 6 8 9 11 12 13 16 23 25 27 30 38 41 45 48 52 53 54 55 56 57 60 61 62 65 71 72 73 74 76 78 79 83 84 86 87 88 93 94 95 98 14 66 7 58 96 67 24 21 36 91 70 99 89 37 4 49 32 2 39 47
1 41
3 67
3 41
3 70
3 99
6 27
6 8
6 32
9 57
9 72
11 7
11 79
11 27
11 23
11 37
12 24
12 86
13 61
16 96
23 25
27 60
27 36
30 14
38 53
38 45
48 84
48 14
52 36
53 66
53 58
53 88
53 21
54 58
55 91
56 58
57 83
60 74
60 67
60 89
61 58
62 21
65 86
65 93
71 7
73 67
73 94
74 96
74 78
74 87
74 2
76 93
79 4
79 49
83 86
84 66
87 91
95 67
98 91
66 7
67 24
99 47
89 39