1 2 6 7 8 9 11 12 15 16 17 18 20 21 22 23 29 30 34 37 46 49 52 54 55 58 63 65 67 68 69 70 71 72 73 75 78 79 82 84 85 86 90 91 92 93 94 97 99 38 28 47 41 27 59 60 48 32 66 44 19 31 89 80 14 64 35 62 61 76 74
1 18
1 65
2 47
2 66
6 27
6 63
7 41
7 79
7 92
8 18
8 30
8 58
8 74
9 59
11 60
11 48
11 31
12 48
12 70
15 32
15 67
16 28
17 71
18 34
18 60
18 19
20 66
20 22
21 41
21 27
21 71
21 86
22 75
23 65
29 44
34 38
34 99
37 32
46 38
46 94
49 91
52 19
54 28
54 73
54 59
54 35
55 31
58 89
68 71
68 80
69 89
72 27
72 97
73 47
73 62
78 80
79 93
82 38
82 28
82 41
82 44
82 64
84 60
84 32
85 90
90 14
91 60
94 14
99 61
61 76