1 3 5 7 9 11 12 14 16 18 20 22 25 27 29 31 33 35 37 40 42 45 48 51 52 54 56 58 60 62 65 67 69 72 74 76 78 80 81 83 85 87 89 90 92 94 95 97 98 2 4 6 8 10 13 15 17 19 21 23 24 26 28 30 32 34 36 38 39 41 43 44 46 47 49 50 53 55 57 59 61 63 64 66 68 70 71 73 75 77 79 82 84 86 88 91 93 96
1 2
3 2
3 4
5 4
5 6
7 6
7 8
9 8
9 10
11 10
11 12
12 13
14 13
14 15
16 15
16 17
18 17
18 19
20 19
20 21
22 21
22 23
25 24
25 26
27 26
27 28
29 28
29 30
31 30
31 32
33 32
33 34
35 34
35 36
37 36
37 38
40 39
40 41
42 41
42 43
45 44
45 46
48 47
48 49
51 50
51 52
52 53
54 53
54 55
56 55
56 57
58 57
58 59
60 59
60 61
62 61
62 63
65 64
65 66
67 66
67 68
69 68
69 70
72 71
72 73
74 73
74 75
76 75
76 77
78 77
78 79
80 79
80 81
81 82
83 82
83 84
85 84
85 86
87 86
87 88
89 88
89 90
90 91
92 91
92 93
94 93
94 95
95 96
97 96
97 98
23 24
38 39
43 44
46 47
49 50
63 64
70 71