1 2 3 5 6 12 13 14 16 21 22 26 27 28 33 34 39 43 44 48 50 52 54 55 57 59 62 63 65 68 69 71 73 75 76 78 79 80 81 82 84 85 86 87 89 90 91 92 95 25 51 98 0 66 64 24 36 7 56 29 74 17 10 35 9 32 88 41 20 47
1 66
1 54
1 34
1 24
1 10
2 92
2 90
3 7
5 84
5 29
6 66
6 33
6 7
6 20
12 64
13 68
14 56
16 85
21 26
21 59
21 43
21 92
22 78
22 48
26 25
26 51
26 64
27 62
28 17
33 80
34 71
39 29
43 35
44 7
48 36
50 78
50 95
50 66
52 87
54 76
54 56
55 66
55 87
57 0
57 85
62 24
62 47
63 98
65 24
65 17
68 95
69 51
73 82
75 36
78 25
78 0
79 25
81 36
81 74
82 25
82 98
84 87
84 86
89 74
91 51
95 9
95 32
95 88
88 41