0 5 6 7 8 10 13 14 16 18 19 20 22 23 24 26 28 32 33 34 35 37 39 40 44 45 47 48 49 54 55 57 58 60 61 62 63 65 66 67 68 69 70 71 72 73 74 76 77 80 81 82 84 86 87 89 90 92 95 97 98 21 78 29 36 64 2 3 27 15 83 30 17 46 94 25 88 59 53 99 4
0 28
0 88
5 14
6 90
7 3
8 46
10 2
13 64
13 54
14 87
14 92
14 60
16 28
16 23
16 15
16 55
16 33
16 4
18 87
18 3
18 99
19 29
20 45
20 70
22 21
23 94
24 21
24 27
24 62
24 34
26 64
26 83
28 21
28 87
32 55
33 17
35 27
37 21
39 68
40 77
44 76
44 86
45 36
47 17
47 69
48 83
49 21
49 29
57 58
58 65
61 21
61 80
63 15
65 76
65 36
65 77
65 59
66 25
67 69
67 25
68 72
68 30
68 46
69 89
71 29
72 86
72 2
73 2
74 30
74 97
74 90
76 21
76 78
80 98
81 83
82 15
84 78
87 64
87 53
95 94