0 1 2 3 4 5 7 9 11 13 14 15 16 18 19 20 22 23 24 28 37 44 45 49 50 51 52 55 56 57 61 62 63 73 76 77 78 80 82 84 86 88 89 90 35 21 36 12 99 17 10 6 95 71 48 54 8 30 59 96 27 65 93 75 33 32 69 42 34 53 68 79
0 27
1 30
1 28
2 33
2 32
3 35
3 36
3 34
4 37
5 42
7 48
9 52
9 54
9 53
11 59
13 65
14 69
14 68
15 71
16 73
16 75
18 80
19 82
19 84
20 86
22 93
23 95
23 96
24 99
37 32
44 6
44 71
45 77
45 6
45 65
49 8
50 54
50 8
51 8
52 77
55 10
55 82
55 30
56 10
56 48
57 76
57 10
61 99
61 42
62 36
62 12
62 86
62 79
63 12
63 80
73 88
73 93
76 17
77 17
77 69
78 36
78 17
80 99
84 95
88 35
88 21
89 21
90 21
90 59
96 27
75 33