0 1 3 5 9 10 11 13 15 18 20 21 25 26 27 28 29 30 31 33 39 41 44 45 49 50 53 56 60 67 69 70 74 77 79 88 90 91 92 95 96 99 94 65 87 6 46 62 2 35 57 98 24 47 38 66 68 71 72 73 75 76 78 80 81 82 83 84 85 86 89 93 97
0 10
0 90
0 74
0 69
0 77
0 91
0 70
0 79
0 96
0 88
0 67
0 92
0 99
0 95
0 94
0 65
0 87
0 98
0 66
0 68
0 71
0 72
0 73
0 75
0 76
0 78
0 80
0 81
0 82
0 83
0 84
0 85
0 86
0 89
0 93
0 97
1 65
3 10
3 13
5 24
9 60
11 46
13 20
13 47
15 35
18 56
20 33
21 38
25 53
26 57
26 56
27 2
28 35
28 53
29 38
30 47
31 87
31 62
31 60
33 50
39 6
41 94
41 57
44 46
45 98
45 38
49 62
49 24
69 6
91 35
99 46
62 2