0 2 3 4 7 9 10 11 14 16 17 18 20 22 26 29 30 31 32 33 36 38 42 43 48 56 57 61 63 66 67 25 69 71 12 60 23 1 8 40 59 47 15 41 62 64 65 68 70 72 73 74 75 76 77 78 79 80 81 82 83 84 85 86 87 88 89 90 91 92 93 94 95 96 97 98 99 53 55
0 61
0 26
0 63
0 66
0 67
0 69
0 71
0 62
0 64
0 65
0 68
0 70
0 72
0 73
0 74
0 75
0 76
0 77
0 78
0 79
0 80
0 81
0 82
0 83
0 84
0 85
0 86
0 87
0 88
0 89
0 90
0 91
0 92
0 93
0 94
0 95
0 96
0 97
0 98
0 99
2 61
3 26
3 25
3 23
3 1
4 63
4 8
4 38
7 66
7 12
9 67
10 25
10 20
11 69
11 60
11 31
14 71
16 12
16 29
17 60
17 48
18 23
18 32
22 32
26 53
26 55
29 59
30 1
31 40
31 43
33 8
36 40
42 59
43 15
56 47
57 41
1 47
15 41