2 7 9 14 16 21 23 28 30 32 34 35 37 39 41 42 44 46 48 49 51 53 55 56 58 60 62 63 65 67 69 70 72 77 79 84 86 91 93 98 6 8 11 12 13 15 18 19 20 22 25 26 27 29 33 36 40 43 47 50 54 57 61 64 68 71 74 75 76 78 81 82 83 85 88 89 90 92 95 96 97 31 38 45 52 59 66 73
2 6
7 6
7 8
9 12
9 13
14 13
14 15
16 19
16 20
21 20
21 22
23 26
23 27
28 27
28 29
28 31
30 33
30 34
32 29
32 33
34 35
35 36
35 38
37 40
37 41
39 36
39 40
41 42
42 43
42 45
44 47
44 48
46 43
46 47
48 49
49 50
49 52
51 54
51 55
53 50
53 54
55 56
56 57
56 59
58 61
58 62
60 57
60 61
62 63
63 64
63 66
65 68
65 69
67 64
67 68
69 70
70 71
70 73
72 75
72 76
77 76
77 78
79 82
79 83
84 83
84 85
86 89
86 90
91 90
91 92
93 96
93 97
98 97
8 11
11 12
15 18
18 19
22 25
25 26
71 74
74 75
78 81
81 82
85 88
88 89
92 95
95 96