0 2 3 6 7 8 9 12 15 18 21 22 23 25 27 28 29 30 31 32 36 38 40 41 42 44 46 48 49 57 59 60 61 62 67 72 73 74 75 78 80 86 87 88 90 92 98 4 39 20 76 37 97 34 63 16 95 13 55 10 11 66 68 69 70 71 77 79 81 82 83 84 85 89 91 93 94 96 99 56
0 30
0 40
0 75
0 98
0 4
0 87
0 67
0 88
0 90
0 92
0 86
0 74
0 73
0 80
0 78
0 72
0 76
0 97
0 95
0 66
0 68
0 69
0 70
0 71
0 77
0 79
0 81
0 82
0 83
0 84
0 85
0 89
0 91
0 93
0 94
0 96
0 99
2 57
2 28
3 37
3 44
6 31
7 37
8 16
9 55
12 49
12 23
15 11
18 63
18 25
21 76
21 16
22 46
27 10
28 11
29 4
30 32
31 61
36 34
36 62
38 20
41 13
41 55
42 95
42 10
42 60
46 97
48 4
48 63
48 56
49 39
49 37
57 39
57 61
59 11
72 13
75 20
87 34
92 39