2 4 5 12 14 20 21 22 23 27 28 29 30 31 32 33 34 37 39 41 43 46 48 49 50 57 58 59 60 68 69 72 73 76 77 79 80 84 88 90 91 92 93 96 15 75 87 6 44 26 16 85 42 62 45 7 11 53 67 40 25 36 99 17 19 54
2 7
4 46
4 26
4 92
4 85
4 36
5 46
5 39
12 92
12 53
12 17
14 15
14 44
20 92
21 93
22 40
22 37
23 16
23 30
27 62
27 60
27 11
28 43
29 77
29 19
30 32
31 60
32 40
33 6
33 93
34 45
41 53
41 67
41 58
43 67
46 84
46 77
46 25
48 80
49 75
50 7
57 92
59 92
59 45
68 26
69 80
72 42
72 62
72 99
73 7
76 84
76 16
76 54
79 45
80 93
84 75
88 11
90 44
90 7
91 15
91 75
91 87
96 85
87 6
26 42