0 1 2 3 11 12 15 18 22 26 28 29 30 32 36 39 43 44 47 50 51 52 53 56 57 59 61 65 69 72 77 84 87 91 92 93 94 95 96 76 24 45 5 25 33 63 70 82 40 13 83 55 78 14 6 9 38 7 19 58 27 31 68 20 16 75 86 10 80 37 35
0 76
0 22
0 59
0 33
0 7
0 19
1 76
1 84
2 24
3 45
3 55
3 20
11 25
12 33
12 36
15 63
18 22
18 24
22 63
22 70
26 63
28 77
29 70
30 82
30 94
30 58
32 40
36 13
39 50
39 47
43 91
44 83
47 14
50 25
50 96
51 78
52 87
52 78
53 69
53 65
56 70
56 40
57 14
57 9
59 45
59 5
59 27
59 31
59 68
61 5
61 25
61 6
61 75
61 86
65 80
65 35
69 25
72 6
72 37
77 25
77 38
87 55
87 16
91 13
92 9
93 38
94 83
95 13
96 10
76 82