2 5 8 12 16 18 19 21 23 24 26 27 29 31 32 35 37 42 44 47 52 55 56 58 62 63 65 66 68 72 73 74 84 85 92 97 59 28 75 98 0 46 50 9 7 99 10 48 39 54 90 6 33 61 81 86 82 30 93
2 0
5 28
8 72
8 28
8 81
12 50
16 37
18 0
18 46
18 61
19 52
19 92
19 59
19 72
19 9
21 0
23 42
23 99
24 44
24 62
24 42
26 74
26 29
26 33
27 9
29 98
29 86
31 6
32 72
35 59
37 97
44 59
44 6
47 7
52 63
52 75
52 68
55 99
56 62
56 10
58 90
65 97
65 50
66 98
68 85
68 93
72 82
73 39
73 54
74 75
74 84
74 30
97 46
97 7
98 0
10 48
48 39
54 90