3 6 7 8 9 10 12 13 14 15 17 18 19 21 23 24 26 28 29 31 32 33 35 36 37 39 41 42 48 49 50 51 54 58 59 60 61 64 65 67 68 69 71 72 74 77 80 82 83 85 86 87 89 94 95 97 27 16 75 98 81 53 34 30 0 55 92 47 44 63 52 70 25 84 57
3 58
3 28
6 39
7 19
8 28
9 37
10 58
10 69
10 61
12 30
12 51
13 67
13 48
13 95
14 61
14 42
14 71
14 68
14 84
15 24
17 41
18 58
19 81
19 30
21 37
21 41
23 97
23 87
24 41
26 67
28 92
29 51
31 53
32 0
33 42
33 67
35 49
36 16
37 86
37 97
37 83
37 55
39 42
39 63
42 72
49 97
50 68
50 75
50 53
50 34
50 47
54 82
54 16
54 25
58 80
59 89
59 60
64 98
64 81
65 27
65 52
68 70
71 89
74 75
74 98
74 0
77 89
80 94
80 82
82 44
85 34
86 94
86 57
94 27