0 1 2 3 4 6 7 9 10 18 19 21 23 24 28 29 30 54 17 8 26 22 20 32 37 42 43 44 46 47 49 50 51 52 33 53 55 56 57 58 59 60 61 62 63 64 65 66 67 68 69 70 71 34 72 73 76 77 80 81 82 83 84 85 86 87 88 89 90 79
0 1
0 7
0 37
0 42
0 43
0 44
0 46
0 47
0 49
0 50
0 51
0 52
1 2
1 54
1 33
1 53
1 55
1 56
1 57
1 58
1 59
1 60
1 61
1 62
1 63
1 64
1 65
1 66
1 67
1 68
1 69
1 70
1 71
2 8
2 29
2 34
2 72
2 73
2 76
2 77
2 80
2 81
2 82
2 83
2 84
2 85
2 86
2 87
2 88
2 89
2 90
2 79
3 54
3 18
4 17
4 30
6 18
7 17
9 21
10 29
18 32
19 26
19 20
21 8
21 22
23 22
24 20
28 32
8 26