0 1 5 6 10 11 14 21 23 24 29 32 34 35 37 38 39 44 45 46 48 49 50 53 54 56 58 59 61 62 63 65 66 68 71 72 73 77 78 79 80 81 84 86 87 88 89 90 93 94 95 98 9 20 40 41 16 75 67 55 2 47 74 22 12 27 57 99 82 33 92 28 4 13 26 97 96
0 21
0 32
0 39
0 82
0 26
1 93
1 34
1 87
1 75
1 13
5 22
5 24
5 14
6 2
6 22
10 74
11 63
11 65
21 93
23 75
24 12
24 77
29 58
32 50
32 45
34 56
34 73
35 20
35 40
35 95
37 61
37 57
38 61
38 78
39 79
44 41
44 68
46 86
48 54
49 16
50 81
50 55
53 9
54 57
56 61
56 96
58 90
59 81
59 20
59 67
59 33
62 63
63 40
65 86
65 41
65 74
66 55
68 16
71 73
71 80
72 94
72 90
81 99
84 27
87 2
87 28
87 4
88 9
89 47
93 9
93 47
93 97
94 67
94 92
98 12
98 27