0 1 2 4 5 6 7 8 9 10 11 12 13 14 16 17 19 20 23 33 35 37 41 42 44 46 48 49 50 52 54 71 72 73 74 75 77 80 82 84 88 91 21 18 39 24 31 45 55 36 57 59 60 62 67 69 70 76 85 86 90 3 15
0 20
0 75
0 10
0 82
0 73
0 71
0 84
0 88
0 91
0 72
0 80
0 57
0 59
0 60
0 62
0 67
0 70
0 76
0 85
0 86
0 90
1 9
2 24
4 7
4 46
4 23
5 45
5 7
5 41
6 46
6 55
8 33
8 35
8 13
9 36
10 17
11 20
12 17
12 54
12 15
13 16
13 21
14 21
17 33
19 46
20 24
20 69
20 3
33 36
35 18
37 48
37 49
42 54
42 39
42 31
44 55
44 52
48 18
50 21
74 31
77 39
82 45