2 3 16 17 18 19 20 21 22 23 24 25 26 27 28 29 30 31 64 65 66 67 68 69 70 71 73 76 78 79 80 81 82 83 84 85 86 87 92 93 33 88 89 45 42 46 40 36 39 35 0 90 51 74 52 91 63 56 60 75 54 77 59 12 6 1 32 34 37 38 41 43 44 47 50 53 57 61 62
2 1
3 6
3 1
16 33
17 35
18 36
19 39
20 40
21 42
22 45
23 46
24 12
25 51
25 12
26 52
27 54
28 56
29 59
30 60
31 63
64 33
64 80
64 32
65 80
65 35
65 34
66 81
66 36
66 37
67 81
67 39
67 38
68 82
68 40
68 41
69 82
69 42
69 43
70 83
70 45
70 44
71 83
71 46
71 47
73 84
73 51
73 50
76 86
76 56
76 57
78 87
78 60
78 61
79 87
79 63
79 62
80 88
81 88
82 89
83 89
84 90
85 90
85 74
85 75
86 91
86 77
87 91
92 88
92 89
92 0
93 0
93 90
93 91
74 52
74 53
75 54
77 59
12 6