1 2 4 6 8 9 12 14 16 17 18 20 22 24 26 28 29 31 33 35 37 38 40 42 43 45 46 49 52 53 54 56 58 60 63 64 66 68 69 70 72 74 76 77 79 80 81 83 84 85 87 89 91 92 94 95 97 98 25 32 75 73 65 96 39 57 30 67 93 15 13 0 3 19 44 90 41 86 48 50
1 2
1 25
1 37
1 0
2 89
2 3
2 19
4 68
6 30
8 31
8 28
8 9
12 13
14 15
14 13
16 68
16 15
17 26
17 18
20 70
22 56
24 89
24 87
26 25
26 52
29 72
31 32
31 30
33 25
33 45
33 32
35 93
37 38
38 79
38 39
38 98
40 39
42 43
42 41
43 84
43 75
43 44
43 90
46 94
46 64
49 84
49 60
49 48
49 50
52 77
53 67
54 74
56 57
58 67
58 81
63 13
66 65
66 67
68 67
69 73
69 96
70 39
72 73
74 75
74 73
76 75
79 57
80 75
80 93
83 84
84 25
84 85
85 86
87 65
91 92
92 93
94 95
95 96
97 96