1 8 10 11 16 17 20 21 23 26 28 29 31 32 33 34 35 37 39 42 43 44 45 47 48 49 51 52 53 56 58 59 63 64 66 67 69 70 71 72 73 74 75 76 79 81 83 85 90 91 95 9 25 2 77 99 50 3 98 96 13 27 18 93 94 54 82 68 5 30 92 86 12
1 9
1 2
1 39
8 28
10 45
11 48
11 95
16 53
17 2
17 3
20 99
20 34
20 85
21 50
23 3
23 81
26 96
28 9
28 51
28 54
29 13
29 52
29 92
31 63
31 50
31 35
31 18
32 64
33 91
33 43
35 98
35 5
37 27
37 49
39 56
39 76
42 18
44 72
45 51
47 96
47 71
48 25
48 91
49 74
51 25
52 93
53 77
56 59
58 77
58 73
63 95
63 68
64 95
64 83
64 94
66 93
67 9
69 91
70 9
72 3
75 9
79 77
90 94
91 27
95 99
95 13
95 82
2 77
98 96
13 30
27 12
82 86