3 4 7 13 15 16 17 23 24 25 28 30 33 36 38 39 40 41 42 45 46 47 48 51 53 54 55 56 57 61 63 65 66 67 69 73 74 78 79 82 85 86 88 92 94 97 12 11 20 22 27 31 26 35 34 49 62 75 72 76 87 91 21 29 37 44 58 50 52 60 59 70 43 32
3 7
4 7
7 12
7 11
13 12
15 11
16 11
16 20
17 12
17 22
23 20
23 26
24 22
24 27
25 26
28 27
28 31
30 31
30 35
30 34
30 29
33 34
33 38
33 32
36 35
36 41
36 37
39 34
39 42
39 43
40 35
40 45
40 44
42 46
45 47
46 48
47 49
51 49
51 54
53 57
53 50
53 52
54 57
54 55
56 57
57 61
57 62
57 58
61 65
61 66
61 60
63 62
65 59
66 69
66 70
67 62
67 72
69 73
73 75
74 72
74 76
78 75
78 82
79 76
82 87
82 86
85 86
86 91
88 87
92 87
92 97
94 91
22 21