2 6 10 13 14 16 17 20 22 27 28 29 31 32 33 36 37 38 39 40 41 42 44 45 47 48 49 51 53 54 56 57 61 65 66 67 68 69 70 71 75 76 77 78 79 80 81 83 84 85 86 87 90 94 95 98 92 19 91 96 12 99 52 21 0 30 60 43 11 25 7
2 70
6 28
10 86
10 44
10 79
13 29
13 90
14 28
16 61
16 85
16 28
16 11
17 99
17 7
20 71
20 99
22 84
27 41
29 56
29 57
29 84
31 92
31 68
32 44
32 69
32 12
33 90
33 95
33 87
33 0
36 96
36 52
36 48
37 96
38 90
39 77
40 90
40 25
41 86
42 61
42 86
45 84
47 94
49 68
49 65
51 69
53 87
54 52
56 19
57 92
61 84
61 60
66 21
67 19
70 76
71 87
71 91
71 78
75 52
75 77
76 91
76 96
80 12
81 19
83 12
84 21
86 98
90 30
94 96
98 43