0 2 3 6 8 9 14 15 19 20 22 25 27 28 32 33 37 38 41 43 44 46 48 49 50 53 54 56 62 66 67 68 69 71 74 76 80 81 83 84 85 86 89 92 94 98 10 21 1 4 35 45 5 24 16 60 82 72 93 57 52 64 88 58 59 12 13 23 26 42 30 31 40 51 70 90 36 7
0 10
0 1
2 1
2 3
2 12
3 4
3 13
6 5
6 7
8 27
9 28
9 19
14 4
14 15
14 5
14 23
15 25
15 16
15 26
19 38
20 10
20 21
22 21
25 35
25 24
27 16
27 37
27 28
27 36
32 33
32 41
32 42
33 24
41 50
41 52
41 30
41 31
41 40
41 51
43 52
44 45
44 53
46 35
46 45
46 56
48 57
48 58
49 59
50 60
54 64
56 67
62 71
66 67
66 76
67 98
67 68
67 57
69 58
69 59
71 60
71 80
71 72
71 70
74 84
74 64
76 86
80 81
80 90
81 82
83 82
83 93
83 92
84 72
85 94
89 88
94 93
98 88