1 2 3 5 6 7 8 12 13 14 16 19 20 23 27 34 39 40 44 54 58 43 33 76 4 97 24 57 10 64 80 47 25 26 29 77 78 11 50 73 85 66 79 32 0 55 75 86 36 46 18 35 95 22 87 67 51 90 72 56
1 43
1 7
1 78
1 11
2 43
2 33
2 73
2 85
3 76
3 26
5 23
6 4
6 20
6 10
7 97
8 97
8 64
12 24
12 29
13 57
14 10
14 80
16 43
16 23
16 54
16 32
16 87
16 56
19 24
20 57
20 39
23 72
27 64
34 47
40 25
44 26
54 24
54 0
54 55
54 75
54 86
54 67
58 77
43 50
33 76
76 4
24 36
24 46
10 66
64 25
80 47
29 77
78 35
73 79
75 18
75 90
36 51
35 95
95 22