4 5 15 24 33 34 35 36 40 43 44 45 46 51 53 54 55 56 57 59 63 64 65 66 75 84 95 77 17 6 32 68 25 11 20 23 41 91 2 58 85 48 96 27 83 39 76 30 22 98 72 1 0 60 71 80 86 28 88 97 26 49 38 47 94
4 30
5 48
15 41
15 58
24 58
33 76
34 77
34 68
34 0
34 60
34 71
35 72
35 1
36 2
40 83
43 77
43 17
43 6
43 80
43 86
44 1
45 11
45 2
46 83
46 72
51 25
51 94
53 96
53 27
54 17
54 11
54 20
54 91
54 28
54 88
54 97
55 98
56 22
57 23
57 83
59 25
59 85
59 96
63 20
63 26
64 27
64 30
64 98
65 91
65 39
65 22
66 32
66 23
75 32
75 41
75 38
84 58
84 47
95 58
6 32
6 49
68 25
85 48
39 76