0 2 3 6 7 10 12 15 17 19 20 22 24 25 26 29 31 33 35 37 39 41 43 45 47 48 50 51 53 55 57 60 62 65 67 69 70 72 74 75 76 79 81 83 85 87 89 91 93 95 97 98 1 5 9 14 13 18 23 27 30 32 34 36 38 40 42 44 46 49 52 59 64 63 68 73 77 80 82 84 86 88 90 92 94 96 28 56 54 58 61 66 71 78
0 2
0 9
2 3
2 1
2 5
6 1
7 5
10 9
10 12
12 14
12 13
15 14
17 13
17 18
19 18
19 20
19 22
22 23
24 23
24 25
25 26
25 27
26 28
29 27
29 30
31 30
31 32
33 32
33 34
35 34
35 36
37 36
37 38
39 38
39 40
41 40
41 42
43 42
43 44
45 44
45 46
47 46
47 48
48 49
50 49
50 51
50 59
51 52
51 56
53 52
53 54
55 52
55 57
57 58
60 59
60 62
60 61
62 64
62 63
65 64
65 66
67 63
67 68
69 68
69 70
69 72
70 71
72 73
74 73
74 75
75 76
75 77
76 78
79 77
79 80
81 80
81 82
83 82
83 84
85 84
85 86
87 86
87 88
89 88
89 90
91 90
91 92
93 92
93 94
95 94
95 96
97 96
97 98