0 1 2 3 4 6 8 9 10 11 12 13 16 17 18 19 20 21 22 23 24 25 28 30 34 35 40 41 42 43 46 47 52 55 66 67 68 69 72 77 78 81 86 88 89 90 95 99 7 60 76 50 98 94 63 65 56 57 73 44 37 83 33 32 61 91 5 53 27 48 62 64 70 79 80 87 96 97
0 27
0 25
1 30
1 28
2 33
2 32
3 34
3 35
4 37
6 44
6 43
8 50
9 53
9 52
10 56
10 55
10 57
11 60
12 63
12 61
12 62
13 65
13 66
13 64
16 73
17 76
17 77
17 78
18 81
18 79
19 83
20 86
20 87
21 90
21 88
21 89
22 91
23 94
23 95
23 96
24 98
24 99
24 97
28 60
30 47
34 44
34 37
35 83
35 53
40 5
41 72
41 5
42 5
46 7
46 90
46 65
47 7
47 76
55 68
66 33
67 61
67 91
69 63
72 32
77 50
81 99
81 70
86 57
86 73
86 44
88 98
90 80
95 63
95 56
99 94
7 48
83 27