0 1 2 3 4 7 10 11 12 13 14 17 18 19 22 23 24 25 29 30 33 34 37 38 39 40 41 45 46 47 50 51 53 54 55 61 62 67 70 71 72 73 74 76 81 83 85 89 86 43 8 75 59 58 20 79 49 26 16 28 35 84 6 5 82 44 64 80 77 56 9 52
0 10
0 2
0 3
0 11
0 14
0 12
0 6
1 86
1 43
2 75
2 83
2 9
3 72
3 52
4 41
4 17
7 75
7 58
10 70
10 19
13 30
13 16
14 79
14 38
18 72
18 30
18 49
19 73
19 56
22 26
23 26
24 35
25 58
29 86
33 49
34 81
37 86
39 58
40 51
40 77
41 73
41 50
45 84
46 43
46 74
47 70
47 82
50 20
50 26
51 70
51 67
51 80
53 8
53 28
54 79
54 84
55 59
61 16
62 81
70 86
70 8
70 5
71 79
74 59
74 35
76 8
76 44
76 64
81 20
85 28
89 59