1 3 8 9 10 15 17 20 21 23 25 27 31 32 35 38 39 40 42 47 48 49 51 57 59 61 62 65 67 68 70 71 72 77 81 82 83 84 88 92 94 95 96 98 12 0 85 46 22 73 11 69 43 44 4 45 76 30 89 36 60 99 7 87 97 56 5
1 23
1 39
1 44
1 4
1 45
3 0
3 17
8 9
8 96
9 95
9 59
10 92
10 88
15 82
20 40
20 49
20 83
21 32
23 12
23 85
23 42
23 76
23 30
25 22
27 73
31 61
31 40
31 73
31 47
31 68
32 88
35 11
38 88
39 69
39 94
39 5
40 46
40 36
47 60
48 69
51 85
51 71
51 87
57 72
57 7
61 85
61 95
61 89
62 43
65 83
67 68
68 43
70 83
71 97
71 56
72 85
72 11
72 99
77 83
81 44
82 12
84 46
84 22
92 12
92 0
98 44