0 1 2 6 7 8 12 13 14 18 19 20 24 25 26 30 31 32 36 37 38 42 43 44 48 49 50 54 55 56 60 61 62 66 67 68 72 73 77 78 82 83 84 88 89 90 94 95 96 22 16 10 4 28 34 40 46 52 58 64 70 98 92 86 80 74 71 65 59 53 47 41 35 29 23 17 11 5 99 93 87 81 75 69 63 57 51 45 39 33 27 21 15 9 3 97 91 85
0 3
0 97
1 4
1 98
2 5
2 99
6 9
6 3
7 10
7 4
8 11
8 5
12 15
12 9
13 16
13 10
14 17
14 11
18 21
18 15
19 22
19 16
20 23
20 17
24 27
24 21
25 22
25 28
26 29
26 23
30 33
30 27
31 28
31 34
32 35
32 29
36 39
36 33
37 34
37 40
38 41
38 35
42 45
42 39
43 40
43 46
44 47
44 41
48 51
48 45
49 46
49 52
50 53
50 47
54 57
54 51
55 52
55 58
56 59
56 53
60 63
60 57
61 58
61 64
62 65
62 59
66 69
66 63
67 64
67 70
68 71
68 65
72 75
72 69
73 70
77 80
77 74
78 81
78 75
82 85
83 86
83 80
84 87
84 81
88 91
88 85
89 92
89 86
90 93
90 87
94 97
94 91
95 98
95 92
96 99
96 93
74 71