0 3 4 5 6 7 8 10 13 14 15 16 20 24 28 32 33 35 37 38 39 40 42 43 44 47 48 50 51 52 53 54 55 56 58 60 61 62 64 66 69 71 73 74 77 81 83 84 91 92 93 95 96 97 98 31 78 23 88 21 68
0 38
0 43
0 50
3 47
3 53
4 60
4 16
5 95
6 14
7 62
8 39
8 10
13 40
13 44
14 31
14 37
15 61
15 33
15 51
16 56
20 91
20 97
24 44
28 43
32 31
35 23
35 96
38 55
39 50
39 54
40 64
40 81
40 52
40 73
42 93
43 64
43 47
43 21
44 92
48 62
53 60
53 68
54 84
55 31
55 93
55 23
58 95
58 91
58 98
61 66
62 77
64 95
64 66
66 71
69 88
71 78
74 78
77 93
83 78
96 88