1 2 7 10 12 14 17 19 20 30 32 34 36 39 41 43 47 48 49 50 52 56 59 60 63 64 65 67 68 69 72 73 75 76 79 80 84 86 88 89 90 94 96 25 62 37 92 40 95 23 98 11 15 26 27 38 54 71 28 31 58 66 74 85 97 99 81 42 87 91 33 53 16 44 0 61 78
1 30
2 30
2 84
2 43
2 50
2 59
2 88
2 11
2 15
2 26
2 27
2 38
7 84
7 76
7 28
10 76
10 19
10 60
12 25
12 36
12 67
14 30
17 62
17 20
19 39
20 64
30 32
30 37
30 23
30 98
32 52
34 25
36 73
41 25
43 78
47 84
47 92
47 58
48 37
48 95
49 92
50 56
50 42
50 87
50 91
52 65
56 69
59 63
59 72
59 33
59 53
60 96
63 80
68 40
75 84
75 66
75 74
75 85
76 62
79 84
79 97
79 99
80 89
84 25
84 40
84 54
84 71
86 95
88 16
88 44
90 92
90 94
25 31
38 0
38 61
54 81