0 2 3 4 5 6 7 8 9 10 12 14 15 16 18 19 20 22 23 24 26 28 29 30 35 37 38 40 50 51 53 54 57 58 59 60 61 64 65 66 69 76 77 78 88 89 25 27 99 73 48 34 47 41 13 83 46 93 21 52 67 11 31 72 1 17 95 85 44 81 36 97 49 55 42
0 26
0 25
0 27
2 31
3 35
3 34
3 36
4 38
4 37
5 40
5 41
5 42
6 44
7 48
7 47
7 46
8 51
8 50
8 49
9 53
9 54
9 52
10 57
12 61
14 67
14 69
15 72
16 73
18 81
19 83
20 85
22 93
23 95
24 99
26 53
26 99
28 1
29 73
29 93
29 1
30 47
35 25
35 64
38 52
40 27
40 55
50 88
51 25
51 48
51 97
57 47
57 72
58 41
58 11
58 95
59 11
59 44
60 11
60 81
61 34
64 13
64 85
65 13
65 83
65 67
66 13
76 17
77 17
78 46
78 31
78 17
88 21
89 21
27 73