0 3 5 6 9 10 11 12 15 17 18 20 23 24 27 29 30 32 33 34 36 39 40 45 46 48 51 53 54 57 58 60 63 65 66 68 71 72 77 78 80 83 85 86 89 90 92 95 99 74 26 31 21 55 59 25 14 22 52 97 2 62 87 81 1 82 93 76 69 38 4 44 19 13 37 28 47 49 56 91 61
0 1
3 2
5 4
6 22
6 2
9 1
10 74
11 27
12 14
12 13
15 14
17 21
17 25
18 82
20 21
20 4
23 31
23 21
23 55
23 87
24 25
27 26
27 31
27 91
29 31
29 28
30 26
30 14
30 22
32 36
32 33
32 40
33 97
34 38
36 52
36 44
39 55
39 37
45 44
46 14
46 47
48 52
51 55
51 59
51 19
51 49
53 21
53 52
53 61
54 22
54 62
54 38
57 59
57 56
58 59
60 52
63 62
65 97
65 81
65 1
66 2
66 82
68 76
68 69
71 69
72 74
77 93
78 14
80 81
83 87
85 69
86 87
89 25
89 93
90 74
90 26
92 93
92 76
95 31
99 97