2 6 7 8 10 12 15 19 21 23 24 25 28 30 32 33 35 37 39 41 43 44 48 50 52 55 58 60 62 65 67 68 71 73 74 77 79 80 81 84 85 86 88 90 92 93 95 96 97 98 75 63 91 34 22 82 59 54 64 70 9 16 17 40 1 45 78 20 31
2 6
2 84
2 1
6 74
6 7
7 63
7 68
7 8
10 9
12 82
12 64
15 90
15 16
19 62
21 22
23 24
24 63
24 25
24 81
28 70
30 63
30 35
30 59
32 33
33 75
33 34
37 54
37 88
39 40
41 40
43 62
43 44
48 80
48 40
50 93
52 17
55 54
58 74
58 97
60 59
60 86
62 63
62 91
62 78
65 64
67 74
67 82
67 45
71 70
73 96
74 75
77 84
79 80
80 81
84 85
85 54
90 34
90 22
92 91
93 63
93 31
95 96
95 9
95 20
96 91
96 70
98 64
16 17