0 2 4 5 8 10 11 14 16 17 20 22 23 26 28 29 32 34 35 38 40 41 44 46 47 50 52 53 56 58 59 62 64 65 68 70 71 74 76 77 80 82 83 86 88 89 90 92 94 95 6 12 18 24 30 36 37 42 48 54 60 66 72 78 84 85 19 27 25 31 45 43 49 51 57 55 61 39 33
0 4
0 5
0 2
4 6
8 6
10 11
11 6
11 12
14 12
16 17
17 12
17 18
20 18
20 22
22 23
23 24
23 19
26 24
26 27
28 24
29 24
29 30
29 25
32 30
32 33
34 30
35 30
35 36
35 31
38 36
38 39
40 36
40 37
41 37
41 42
44 42
44 45
46 42
47 42
47 48
47 43
50 52
50 51
52 53
53 48
53 54
53 49
56 54
56 58
56 57
58 59
58 55
59 60
62 60
64 60
64 65
64 61
65 66
68 66
68 70
71 66
71 72
74 72
76 72
77 72
77 78
80 82
82 78
83 78
83 84
86 84
88 85
89 84
89 90
89 85
90 92
92 94
94 95