3 6 8 10 13 15 18 20 21 23 25 26 30 31 33 35 36 38 39 41 43 46 48 49 50 53 55 56 58 60 61 62 65 66 68 69 72 73 74 76 78 79 81 84 85 88 91 94 95 97 99 52 32 9 22 57 37 24 17 63 98 34 2 4 54 27 44 19 71 80 1
3 56
3 52
3 2
3 4
6 85
8 88
10 20
10 60
10 9
13 79
15 34
18 17
20 52
20 21
20 19
21 22
23 22
25 22
25 24
25 17
26 68
30 55
30 31
30 62
33 32
33 68
35 36
35 85
35 79
35 80
36 37
38 65
39 58
41 94
43 24
43 65
46 60
46 37
46 34
48 68
49 50
50 79
50 78
53 61
53 57
53 44
55 56
55 32
55 54
56 61
58 57
60 71
66 69
66 99
68 69
68 27
69 94
72 98
72 73
73 84
74 9
74 63
76 37
78 88
81 63
91 95
95 37
97 98
99 98
2 1