0 1 2 3 5 6 7 9 11 12 14 15 16 19 20 21 23 25 28 29 31 32 41 44 45 46 48 49 51 52 54 56 58 62 63 64 65 66 67 73 75 77 78 79 81 82 83 86 88 89 90 91 92 72 76 68 18 22 80 10 84 61 35 37 13 74 47 53 57 60 70
0 31
0 49
1 15
1 62
2 76
3 10
5 18
5 67
6 28
6 35
7 9
9 67
11 65
12 37
14 13
15 72
15 32
15 47
16 83
16 54
19 21
19 79
20 46
21 31
21 44
21 68
23 46
25 65
25 63
25 53
28 63
29 73
41 80
44 77
44 65
45 22
45 80
45 13
46 49
48 68
51 56
52 73
52 91
56 65
56 72
56 84
58 18
62 76
62 22
64 72
64 86
64 70
65 74
66 90
73 68
73 18
73 57
75 35
77 61
77 60
78 83
81 72
81 10
82 84
83 86
83 90
83 88
83 89
89 37
92 61