0 1 2 3 4 5 6 7 8 9 10 12 13 14 16 17 18 20 21 23 24 25 26 36 37 43 49 52 54 58 59 62 66 67 68 70 72 74 77 82 83 84 86 91 92 99 30 11 90 19 39 22 75 15 57 76 96 51 80 46 97 32 53 42 29 38 61 63 64 65 69 93
0 25
0 26
1 30
2 32
3 36
4 39
4 37
4 38
5 42
6 43
7 46
8 51
8 49
9 52
9 54
9 53
10 57
12 62
12 61
12 63
13 66
13 64
13 65
14 68
14 67
14 69
16 74
16 75
17 76
17 77
18 80
20 86
21 90
23 96
24 99
24 97
25 74
25 57
26 76
36 91
43 96
52 59
54 62
54 29
58 30
58 11
59 11
59 66
59 68
62 90
68 39
70 15
72 75
72 15
72 96
72 86
74 92
74 46
82 19
82 51
83 99
83 19
84 19
84 80
91 39
91 22
92 22
99 90
22 93
97 32
53 42