0 1 4 6 8 9 11 13 15 16 18 21 22 23 25 27 29 31 33 35 37 41 42 45 48 49 51 53 56 58 59 61 64 67 69 71 75 76 80 82 83 87 88 92 93 95 99 68 5 54 20 50 2 43 44 36 34 55 19 94 46 57 70 17 28 10 7 52 81 60
0 1
0 6
0 68
1 16
1 54
4 5
4 87
4 80
6 5
6 75
8 9
8 93
8 71
9 20
9 36
11 41
13 2
13 64
15 56
16 27
16 17
18 48
18 19
21 55
22 25
23 70
25 67
27 61
27 50
27 99
27 28
29 67
31 35
33 42
35 34
35 52
35 60
37 36
37 49
41 42
42 68
42 2
45 44
45 34
45 57
48 50
48 55
48 88
51 50
51 70
53 54
53 83
56 80
58 57
59 94
67 68
67 81
69 95
69 43
75 76
80 46
82 46
92 93
95 5
99 10
5 20
43 44
19 94
17 7