0 1 3 6 7 8 9 10 11 14 15 17 19 21 24 26 27 28 31 32 36 38 41 45 46 47 51 53 55 56 60 65 67 72 81 83 84 86 91 94 95 97 44 68 25 13 57 62 20 49 30 63 39 69 61 70 74 75 76 77 78 79 85 87 88 89 90 92 93 98 99 5 37 12 50 59 42
0 55
0 94
0 91
0 83
0 97
0 57
0 95
0 84
0 72
0 86
0 81
0 61
0 70
0 74
0 76
0 77
0 78
0 79
0 87
0 88
0 89
0 92
0 93
0 98
0 99
1 45
1 39
3 47
6 68
7 46
7 31
8 55
8 10
8 75
9 25
10 28
10 37
11 20
11 67
14 21
14 56
15 44
17 30
19 28
19 27
19 46
19 69
21 57
21 85
21 12
21 50
24 45
26 65
27 44
28 41
28 90
28 5
32 39
36 49
38 67
38 49
41 13
41 59
45 46
45 68
46 25
47 63
51 69
53 13
53 63
55 42
56 62
60 65
65 62
84 20
91 30