1 2 4 6 8 10 11 12 13 14 15 16 17 18 19 20 21 22 23 24 25 26 27 28 29 30 31 32 33 34 35 36 37 38 39 40 41 42 43 44 45 46 47 48 49 50 51 52 53 54 55 56 57 58 59 60 61 62 63 64 65 66 67 68 70 72 74 76 78 80 83 85 87 89 91 93 95 97 99 9 7 5 3 69 71 73 75 77 98 96 94 92 90 88 86 84 82 81
1 2
2 3
4 5
4 3
6 7
6 5
8 9
8 7
10 11
10 9
11 12
12 13
13 14
14 15
15 16
16 17
17 18
18 19
19 20
20 21
21 22
22 23
23 24
24 25
25 26
26 27
27 28
28 29
29 30
30 31
31 32
32 33
33 34
34 35
35 36
36 37
37 38
38 39
39 40
40 41
41 42
42 43
43 44
44 45
45 46
46 47
47 48
48 49
49 50
50 99
50 51
51 52
52 53
53 54
54 55
55 56
56 57
57 58
58 59
59 60
60 61
61 62
62 63
63 64
64 65
65 66
66 67
67 68
68 69
70 69
70 71
72 71
72 73
74 73
74 75
76 75
76 77
78 77
80 81
83 84
83 82
85 86
85 84
87 88
87 86
89 90
89 88
91 92
91 90
93 94
93 92
95 96
95 94
97 98
97 96
99 98
82 81