0 1 3 5 8 9 10 11 14 17 20 24 28 29 30 31 33 34 37 38 40 45 47 51 52 55 58 61 66 68 71 72 73 75 76 81 84 88 89 90 91 92 93 96 98 99 59 13 62 50 57 32 69 25 39 4 15 19 36 60 63 64 65 67 70 74 77 78 79 80 82 83 85 86 87 94 95 97 35 18 22
0 59
0 66
0 37
0 62
0 20
0 69
0 61
0 68
0 71
0 72
0 73
0 75
0 76
0 81
0 84
0 88
0 89
0 90
0 91
0 92
0 96
0 98
0 60
0 63
0 64
0 65
0 67
0 70
0 74
0 77
0 78
0 79
0 80
0 82
0 83
0 85
0 86
0 87
0 94
0 95
0 97
1 59
1 31
1 45
3 13
3 19
5 37
8 62
8 32
9 50
10 20
10 50
10 57
10 52
10 40
11 57
11 29
11 34
11 47
14 32
14 51
17 69
20 25
24 25
24 4
28 39
30 15
30 36
30 58
33 19
38 36
40 18
40 22
52 39
52 35
55 15
66 13
93 50
99 57
4 15