0 1 2 3 4 6 9 10 11 12 13 14 15 16 17 19 20 21 23 24 25 26 28 30 32 33 34 35 37 38 39 40 41 43 44 45 46 48 49 51 52 54 55 58 59 61 62 63 65 66 67 68 69 73 75 78 79 80 82 85 87 93 94 97 74 18 71 95 22 31 76 50 5 53 36 57 89 56 86 27 42 29 77 84 88 83 98 7 8 92 60 90 91 70 99 96 81 64
0 33
0 75
1 34
1 59
2 35
2 62
3 13
3 29
4 64
6 18
6 71
9 5
9 53
10 27
10 42
11 66
11 85
12 53
12 36
13 44
14 40
14 61
15 78
15 74
16 79
16 44
17 29
17 77
19 83
19 98
20 28
20 45
21 96
21 81
23 50
23 5
24 39
24 35
25 95
25 22
26 31
26 76
28 75
30 42
30 33
32 8
32 92
34 62
37 99
37 96
38 57
38 89
39 48
40 45
41 71
41 95
43 70
43 99
46 85
46 48
49 90
49 91
51 88
51 83
52 92
52 60
54 74
54 18
55 86
55 27
58 76
58 50
59 79
61 93
63 36
63 57
65 84
65 88
66 93
67 56
67 86
68 7
68 8
69 60
69 90
73 81
73 64
80 98
80 7
82 89
82 56
87 22
87 31
94 77
94 84
97 91
97 70