0 2 5 6 8 10 12 13 15 17 21 23 27 28 30 35 38 39 43 44 49 51 53 54 56 57 59 60 62 64 65 66 69 71 74 76 77 79 80 81 82 84 85 86 87 88 89 91 93 95 98 58 48 47 9 50 78 67 55 32 31 52 29 16 63 18 36 73 26
0 12
0 49
2 50
2 65
5 6
6 10
8 79
10 58
10 9
12 13
13 58
13 48
15 47
17 16
21 38
23 54
27 74
27 26
28 74
30 31
30 29
35 50
38 84
39 32
43 91
44 71
51 50
51 69
53 52
54 48
54 80
54 55
56 67
56 57
56 89
57 81
59 60
60 47
60 50
60 36
62 29
64 63
65 95
66 74
71 9
74 80
74 85
76 85
76 77
79 78
79 52
80 91
80 67
82 78
82 86
84 67
84 98
85 16
87 55
87 63
88 48
93 9
93 78
48 47
48 18
55 32
32 31
36 73