0 3 4 7 13 14 15 17 23 24 29 30 36 40 41 46 49 51 52 55 62 69 70 72 82 95 96 97 98 88 92 22 19 5 89 42 6 64 73 18 2 21 81 45 68 38 10 16 31 37 93 27 53 50 43 79 77 54 91 28 26 59 32
0 88
0 18
3 22
3 19
3 98
4 19
4 64
4 52
4 51
4 93
4 27
7 42
13 23
13 97
14 22
14 5
14 82
15 64
15 81
17 46
23 6
24 73
29 2
30 46
36 6
40 21
41 64
46 52
49 89
49 28
51 50
52 68
55 45
62 38
69 6
70 64
72 6
82 73
82 59
82 32
95 10
96 21
98 6
98 79
88 92
92 22
22 16
19 31
19 37
5 89
5 10
5 54
89 42
42 91
6 21
64 53
18 2
81 45
68 38
37 43
79 77
54 26