0 2 4 5 7 8 9 10 12 13 14 16 17 18 19 20 21 23 24 28 29 30 32 33 34 35 36 43 44 55 56 58 59 60 67 70 72 80 85 87 90 91 93 95 98 25 26 27 49 1 3 6 42 22 47 76 11 66 51 73 48 39 61 54 99 82 15 88 89 81 75 31 92 50
0 25
0 26
0 27
2 32
2 33
2 31
4 39
5 42
7 47
7 48
8 49
8 51
8 50
9 54
10 55
10 56
12 61
13 66
14 67
16 73
17 76
18 80
18 81
19 82
20 85
20 87
21 90
21 88
21 89
23 95
24 99
24 98
28 1
28 34
29 26
29 1
29 66
30 1
32 27
32 42
32 75
33 73
34 3
35 3
36 3
43 25
43 6
44 6
44 99
55 90
55 61
58 11
59 93
59 11
60 11
67 48
67 95
70 15
72 87
72 15
80 26
80 47
85 51
87 54
90 26
90 76
91 22
93 27
93 22
93 39
27 49
22 92
61 82