1 4 6 7 10 13 14 17 27 28 30 32 36 37 38 40 41 42 44 45 52 53 57 59 61 67 70 71 72 74 77 79 80 81 82 85 88 90 91 92 11 75 93 69 54 8 24 95 2 31 89 34 51 65 9 19 78 0 64 86 15 48 94 16 96 84
1 11
1 53
1 93
1 34
1 51
1 65
4 11
4 79
4 16
4 96
6 27
6 81
7 52
7 91
10 57
13 36
14 89
17 95
27 53
27 89
28 40
28 92
30 31
32 69
32 31
36 69
37 54
37 52
38 93
40 75
40 69
40 9
40 19
41 77
42 92
44 81
45 74
45 95
52 88
53 84
57 74
57 70
57 15
57 48
59 2
61 93
61 54
61 2
67 74
70 94
71 24
72 75
72 8
72 0
72 64
74 24
74 86
77 75
80 54
82 89
85 31
85 90
11 75
8 24
19 78