0 2 3 6 7 8 9 11 13 15 16 19 21 22 28 34 35 36 37 38 39 41 42 43 44 46 47 54 56 58 59 61 64 65 68 70 72 73 79 83 84 88 89 91 92 97 90 75 67 63 5 23 31 78 18 17 30 4 74 76 77 80 81 82 85 86 87 93 94 95 96 98 99 45 40 51
0 68
0 79
0 97
0 35
0 89
0 73
0 83
0 92
0 91
0 84
0 88
0 90
0 75
0 78
0 74
0 76
0 77
0 80
0 81
0 82
0 85
0 86
0 87
0 93
0 94
0 95
0 96
0 98
0 99
2 70
3 8
3 11
6 75
6 67
6 59
6 17
7 18
8 67
8 23
9 78
9 64
13 68
13 39
13 45
15 63
15 16
19 39
21 5
22 31
28 90
28 43
28 56
34 4
35 54
36 43
36 38
36 41
37 38
38 31
42 68
42 40
43 5
44 23
46 30
46 4
47 17
47 65
58 59
58 72
61 68
61 51
68 63
70 18
70 30
84 18