1 2 3 4 6 7 9 10 11 12 14 15 17 18 19 21 24 25 26 28 29 31 32 35 36 37 41 42 45 46 49 54 63 67 68 69 71 72 75 84 91 0 5 23 22 39 20 65 64 8 40 48 82 55 70 16 27 50 83 56 96 86
1 0
1 6
1 5
1 8
1 40
1 48
1 82
2 0
2 3
2 7
2 19
2 32
2 55
2 70
3 21
3 36
4 0
4 11
4 12
4 23
4 54
7 9
7 15
7 25
7 42
9 14
9 18
9 16
10 5
10 91
11 24
14 31
14 27
14 50
15 20
17 0
17 39
17 86
18 29
19 96
21 22
21 49
24 35
25 83
26 23
26 68
26 84
28 22
32 64
32 72
35 63
37 23
41 39
42 56
45 20
45 46
46 75
49 65
67 65
69 64
71 8