0 1 2 3 7 8 12 15 16 17 19 20 23 25 30 34 35 36 37 41 43 72 70 51 64 11 6 33 40 87 38 45 46 47 48 49 50 52 53 54 55 56 57 58 59 60 61 62 63 65 66 67 68 69 71 73 18 99 14 26 27 21
0 37
0 20
0 72
0 70
0 51
0 64
0 38
0 45
0 46
0 47
0 48
0 49
0 50
0 52
0 53
0 54
0 55
0 56
0 57
0 58
0 59
0 60
0 61
0 62
0 63
0 65
0 66
0 67
0 68
0 69
0 71
0 73
1 11
1 87
2 23
3 43
3 12
7 37
7 14
7 26
7 27
8 6
15 51
15 23
16 20
16 11
17 35
17 33
19 87
20 21
23 40
25 11
25 30
34 33
35 64
36 40
37 18
37 99
41 70
41 6
43 72