1 2 4 6 8 10 12 14 16 18 20 22 24 25 27 29 31 33 35 37 39 41 43 45 47 49 51 53 55 56 57 58 60 62 64 66 68 70 72 74 76 78 80 82 83 85 87 89 91 93 94 96 98 3 28 30 88 90 99 92 95 59
1 2
2 3
4 58
4 3
6 58
8 58
10 58
12 58
14 58
16 58
18 58
20 58
22 58
24 58
24 25
27 58
27 28
29 28
29 30
31 30
33 56
35 56
37 56
39 56
41 56
43 56
45 56
47 56
49 56
51 56
53 56
55 56
56 57
57 58
57 60
57 62
57 64
57 66
57 68
57 70
57 72
57 74
57 76
57 78
57 80
57 82
57 85
57 87
58 59
82 83
87 88
89 88
89 90
89 99
91 90
91 92
93 92
93 94
94 95
96 95
98 99