0 1 4 5 8 9 12 13 16 17 20 21 24 25 28 29 32 33 36 37 40 41 44 45 48 49 52 53 56 57 60 61 64 65 68 69 72 73 76 77 80 81 84 85 88 89 92 93 96 97 98 2 3 94 99 7 6 90 10 11 95 86 14 15 91 82 18 22 26 87 19 78 83 23 30 74 27 79 34 70 31 66 38 35 75 42 62 71 58 46 39 67 50 43 63 59 47 55
0 1
0 98
0 2
1 3
1 99
4 2
4 6
5 3
5 7
8 6
8 10
9 7
9 11
12 10
12 14
13 11
13 15
16 14
16 18
17 15
17 19
20 18
20 22
21 19
21 23
24 22
24 26
25 23
25 27
28 26
28 30
29 27
29 31
32 30
32 34
33 31
33 35
36 34
36 38
37 35
37 39
40 38
40 42
41 39
41 43
44 42
44 46
45 43
45 47
48 46
48 50
49 47
52 50
53 55
56 58
57 59
57 55
60 62
60 58
61 63
61 59
64 66
64 62
65 67
65 63
68 70
68 66
69 71
69 67
72 74
72 70
73 75
73 71
76 78
76 74
77 79
77 75
80 82
80 78
81 83
81 79
84 86
84 82
85 87
85 83
88 90
88 86
89 91
89 87
92 94
92 90
93 95
93 91
96 98
96 94
97 99
97 95