0 3 8 9 11 13 15 16 21 23 24 25 28 32 33 34 35 37 42 43 44 48 50 51 52 55 60 61 62 67 69 70 73 78 84 85 87 90 94 95 96 27 54 17 12 4 31 22 26 58 18 14 5 10 93 45 83 30 59
0 4
3 9
3 17
3 5
8 11
9 90
9 4
11 90
11 45
13 17
13 12
13 18
15 14
16 87
21 23
23 26
23 69
24 22
24 28
25 50
25 62
32 50
32 78
32 30
32 59
33 37
33 60
34 96
35 37
35 84
37 52
37 51
42 58
43 27
44 5
48 31
50 51
52 54
52 55
52 58
60 67
61 87
61 27
70 73
70 10
73 78
78 90
84 83
85 87
90 94
94 93
95 96
96 12
27 54
4 31
4 22
22 26
18 14