0 2 4 6 8 10 12 14 17 19 21 23 25 27 29 31 33 35 37 39 40 42 44 46 47 48 49 50 51 52 53 54 56 57 58 59 61 64 66 70 72 74 77 79 83 84 85 91 92 95 90 41 38 36 34 32 30 28 26 24 22 20 18 16 15 1 3 5 7 9 11 60 80 45 68 67 65 69 81 82 94 71 73 76 43 62 86 87 88 89 55
0 59
0 91
0 1
0 45
2 1
2 3
4 3
4 5
6 5
6 7
8 7
8 9
10 9
10 11
12 11
12 68
14 15
17 18
17 16
19 20
19 18
21 22
21 20
23 24
23 22
25 26
25 24
27 28
27 26
29 30
29 28
31 32
31 30
33 34
33 32
35 36
35 34
35 60
37 38
37 36
37 85
39 40
39 38
39 83
40 90
40 41
42 41
42 43
44 45
46 59
46 49
46 50
46 51
46 52
46 53
46 54
46 56
46 57
46 58
46 55
47 59
48 59
61 60
61 80
61 62
64 65
64 69
66 67
66 65
70 69
70 81
70 71
72 71
72 73
72 76
74 73
77 76
79 80
83 86
84 38
84 87
84 88
85 89
91 90
92 82
92 94
95 94
16 15
68 67
81 82