1 4 6 8 10 11 13 15 18 20 23 24 27 29 31 32 34 35 36 38 40 42 45 46 48 50 52 54 55 58 60 62 65 68 70 72 74 76 78 80 84 87 88 9 71 61 16 77 53 41 59 7 2 5 85 37 25 75 12 64 67 73 51 86 28 69 63
1 2
1 13
4 5
6 58
6 34
6 5
8 31
8 62
10 9
10 11
11 23
11 77
11 25
11 75
11 12
15 16
15 2
18 88
20 7
23 72
23 24
23 7
23 64
24 50
24 68
24 40
27 84
27 46
29 16
31 58
31 32
31 51
35 58
35 55
35 48
36 41
38 9
38 54
38 37
40 41
42 59
45 46
48 59
50 74
50 86
52 53
54 70
54 53
58 71
60 59
62 61
65 78
68 28
68 69
72 71
72 67
72 73
76 77
78 16
80 84
84 9
84 16
84 85
87 61
88 5
64 63