1 3 4 6 8 10 12 14 16 18 20 23 26 28 30 32 34 36 39 41 43 45 47 49 51 53 56 58 60 62 64 66 67 69 70 72 74 77 80 82 84 86 88 90 92 94 96 98 0 31 9 7 33 29 5 85 83 61 91 35 93 68 11 99 42 81 71 40 76 75 50 59 21 22 95 52 46 13 15 57 2 63 87 73
1 0
1 31
1 2
3 0
3 4
4 88
4 5
6 7
6 64
8 0
8 9
8 7
10 9
10 92
10 11
12 11
12 13
14 13
14 15
16 15
18 23
20 60
20 21
23 22
26 71
28 29
30 31
30 29
32 31
32 84
32 33
34 33
34 35
36 35
39 40
41 82
41 42
41 40
43 42
45 90
45 46
47 46
49 50
51 42
51 52
53 52
56 57
58 59
58 57
60 61
60 66
60 59
62 61
64 63
67 5
67 77
67 68
69 68
69 70
70 71
72 33
72 61
72 99
72 73
74 75
77 76
80 81
82 83
82 81
84 85
84 83
86 85
88 87
90 91
90 50
92 91
92 93
94 93
94 95
96 95
98 99
76 75
21 22