0 1 2 3 4 5 6 7 8 9 11 12 13 14 15 17 19 20 23 25 26 27 28 29 30 31 33 35 36 38 39 68 40 48 18 10 16 24 42 43 44 45 46 47 49 50 51 52 53 54 55 56 57 58 59 60 61 62 63 64 65 66 67 69 79 97 41
0 13
0 38
0 8
0 68
0 40
0 48
0 42
0 43
0 44
0 45
0 46
0 47
0 49
0 50
0 51
0 52
0 53
0 54
0 55
0 56
0 57
0 58
0 59
0 60
0 61
0 62
0 63
0 64
0 65
0 66
0 67
0 69
0 41
1 16
2 40
2 20
2 35
3 10
3 26
4 13
4 30
4 25
4 6
5 6
7 13
8 14
9 35
11 30
11 39
11 18
11 17
12 48
12 29
13 79
15 18
19 20
23 25
25 24
27 39
28 39
29 31
33 24
36 68
36 10
38 97
39 16