0 1 6 10 13 16 18 19 22 23 24 27 28 29 31 33 34 36 37 39 40 41 42 43 45 48 49 50 53 55 57 58 60 63 65 67 69 72 73 76 78 79 83 85 88 89 90 91 92 94 95 96 97 98 99 12 8 7 17 61 44 26 3 9 25 80 11 15 20 21 54 56
0 17
1 85
1 96
1 29
1 50
1 83
6 72
10 29
10 58
10 25
13 18
13 95
16 49
18 22
18 92
18 72
19 42
19 61
22 39
22 7
23 60
23 8
23 33
23 17
24 44
27 29
27 11
28 95
28 63
31 98
34 12
34 91
34 3
36 45
36 12
36 15
36 54
37 49
37 65
39 45
40 73
41 79
42 96
43 61
43 94
45 49
48 88
49 88
49 9
50 69
53 12
53 89
55 91
57 17
60 95
63 26
67 90
69 98
73 8
76 26
78 7
78 80
79 96
79 99
85 90
85 56
88 96
92 20
95 97
95 21
97 44