0 1 2 4 5 6 7 8 11 12 13 14 16 17 18 19 20 21 23 24 25 26 32 34 35 36 45 47 52 53 54 56 57 62 68 70 71 72 73 75 78 83 90 91 92 97 74 63 94 96 15 98 44 3 82 22 9 59 39 33 30 40 81 64 61 10 88 86 51 27 28 29 43 76 84 99
0 26
0 25
0 27
1 30
1 28
1 29
2 33
2 32
4 39
5 40
6 45
6 44
6 43
7 47
8 51
11 59
12 62
12 63
12 61
13 64
14 68
16 73
16 74
16 75
17 78
18 81
19 82
19 83
19 84
20 86
21 88
21 90
23 94
23 96
24 98
24 97
24 99
25 45
25 76
26 98
32 81
32 64
34 3
34 54
34 59
35 44
35 3
35 82
36 3
45 30
47 39
47 33
52 9
52 39
53 9
54 92
54 9
56 61
56 10
57 10
62 74
62 98
68 63
70 96
70 15
71 15
72 15
73 94
78 83
90 86
90 51
91 22
92 22
97 40
97 88