0 1 2 3 4 5 6 7 9 10 12 15 16 17 18 21 23 24 25 26 27 28 43 51 19 11 8 32 34 36 37 40 41 42 44 46 47 48 49 50 52 53 54 55 56 29 31 58 61 62 63 66 67 68 69 70 71 72 73 74 75 76 77 38 39 60 64
0 7
0 1
0 43
0 51
0 32
0 34
0 36
0 37
0 40
0 41
0 42
0 44
0 46
0 47
0 48
0 49
0 50
0 52
0 53
0 54
0 55
0 56
0 38
0 39
1 3
1 31
1 58
1 61
1 62
1 63
1 66
1 67
1 68
1 69
1 70
1 71
1 72
1 73
1 74
1 75
1 76
1 60
1 64
2 4
2 26
3 19
3 10
3 9
3 77
4 5
4 27
5 19
6 19
7 29
10 11
12 8
15 43
15 23
15 8
16 24
17 28
17 18
21 28
24 51
25 28
28 11