1 2 3 4 5 6 8 9 12 13 14 15 17 18 19 20 23 27 29 30 32 34 36 38 42 44 46 47 51 53 54 55 56 57 58 59 60 61 62 63 64 65 66 67 69 70 71 72 78 0 77 50 35 52 48 76 75 28 37 79 41 73 74 68
1 2
1 0
2 5
2 77
3 0
3 4
5 12
5 13
6 0
6 55
6 8
6 9
12 65
13 28
14 19
15 75
17 0
17 46
18 79
18 41
19 30
19 20
23 76
27 28
29 30
30 77
30 35
30 34
32 78
36 35
36 37
38 37
42 41
44 52
47 48
51 50
51 75
53 56
53 52
53 74
54 55
54 60
54 58
54 61
55 50
56 58
56 57
56 73
57 59
57 70
59 68
60 67
61 69
62 65
62 63
62 64
66 71
67 78
69 71
70 76
71 72
72 48
78 79