0 3 4 6 7 8 11 12 13 15 16 17 20 21 22 24 25 29 31 32 33 35 37 38 40 41 42 45 47 48 50 53 54 55 57 58 62 63 64 66 68 69 70 72 74 75 78 79 82 84 85 89 92 95 96 99 39 90 61 98 36 91 43 94 9 88 77 56 27 2 52 28 23 51 1 46
0 82
0 89
0 92
3 92
3 33
4 21
6 29
6 63
7 99
8 35
8 61
11 61
12 61
12 99
13 43
15 29
16 63
16 37
16 9
17 40
17 78
20 66
20 36
21 99
22 90
24 35
24 23
25 99
29 39
29 66
29 2
31 48
32 89
32 47
35 82
35 41
35 28
38 88
38 77
38 53
40 70
40 98
41 70
41 42
41 51
42 84
45 84
48 98
50 85
54 89
54 90
54 85
54 46
55 94
57 91
57 94
58 62
62 9
64 69
64 75
66 74
66 43
68 36
68 79
69 9
70 1
72 77
74 52
82 96
82 56
84 88
85 91
95 77
96 39
96 27