0 2 3 4 5 6 7 8 9 10 12 14 16 17 18 19 20 24 25 26 28 30 36 41 42 48 58 59 64 65 73 75 77 83 86 88 90 91 92 94 95 96 99 61 63 22 76 23 74 33 87 54 97 27 1 49 45 15 21 43 66 67 68 69 70 71 72 78 79 80 81 82 84 85 89 93 98 44
0 99
0 91
0 92
0 88
0 86
0 77
0 61
0 65
0 96
0 75
0 95
0 63
0 73
0 94
0 90
0 83
0 76
0 74
0 87
0 97
0 66
0 67
0 68
0 69
0 70
0 71
0 72
0 78
0 79
0 80
0 81
0 82
0 84
0 85
0 89
0 93
0 98
2 22
2 15
3 61
3 36
4 14
5 20
6 54
7 27
8 1
9 21
10 63
12 74
12 1
14 76
14 17
16 23
17 23
18 36
18 49
19 33
20 25
24 49
25 63
25 33
25 59
26 61
26 45
28 87
30 59
30 21
41 97
42 23
48 45
48 43
58 43
59 54
64 15
83 22
86 27
99 44