0 1 2 3 4 6 7 8 10 13 15 17 18 20 21 22 23 24 25 26 27 28 30 32 34 35 44 46 85 65 41 74 75 49 5 40 9 39 12 37 19 50 51 52 53 54 55 56 57 58 59 60 61 62 63 64 66 67 68 69 70 71 72 73 76 77 78 79 80 81 82 83 84 38 29 86
0 18
0 4
0 85
0 65
0 74
0 75
0 50
0 51
0 52
0 53
0 54
0 55
0 56
0 57
0 58
0 59
0 60
0 61
0 62
0 63
0 64
0 66
0 67
0 68
0 69
0 70
0 71
0 72
0 73
0 76
0 77
0 78
0 79
0 80
0 81
0 82
0 83
0 84
1 6
1 22
2 19
2 10
3 41
3 8
3 6
4 29
4 86
6 21
7 39
10 23
13 40
13 30
15 28
17 39
18 41
18 49
18 38
20 24
21 40
21 12
24 65
25 37
26 9
27 46
28 34
28 39
30 9
32 35
34 74
34 37
35 75
35 19
44 12
46 5
49 5