0 1 2 3 4 5 6 7 9 10 11 12 14 15 16 19 20 21 22 23 24 25 29 36 43 46 48 50 52 61 64 65 66 73 74 76 77 79 80 81 86 93 94 83 75 96 13 54 62 37 44 31 32 69 35 60 18 56 89 99 90 42 38 71 28 30 33 34 45 47 49 51 63 17 78 85 87
0 25
1 29
1 28
1 30
2 31
2 32
2 33
3 35
3 36
3 34
4 37
4 38
5 42
6 43
6 44
6 45
7 46
7 48
7 47
9 54
9 52
10 56
11 60
12 62
12 61
12 63
14 69
15 71
16 75
16 74
16 73
19 83
20 86
20 85
20 87
21 89
21 90
22 93
23 96
23 94
24 99
25 90
25 42
29 43
29 71
36 60
43 46
43 86
43 77
43 35
46 75
48 64
48 62
50 38
61 37
64 13
65 13
66 13
73 96
74 80
74 49
74 51
76 32
76 69
77 54
77 17
79 80
79 18
80 89
81 18
81 56
81 99
86 83
93 56
44 31
17 78