5 10 12 14 16 19 21 22 26 28 33 36 37 40 41 42 47 48 50 57 58 62 67 69 72 73 76 80 81 85 87 88 89 92 94 95 97 29 86 64 56 1 68 44 27 4 82 6 83 34 77 45 79 71 54 51 8 60 96 55 15 0 23 39
5 67
5 27
10 64
10 21
10 87
12 56
14 68
16 44
19 27
21 56
21 33
21 50
22 4
22 34
26 6
26 54
28 62
36 68
37 45
37 15
40 34
41 79
42 71
47 64
47 4
47 82
48 54
57 58
58 29
58 44
58 76
58 39
62 83
67 29
69 54
72 86
72 83
73 1
73 68
73 0
80 29
81 68
85 44
87 96
88 51
89 86
89 64
89 1
89 79
89 8
89 60
92 71
94 79
95 68
97 29
97 86
44 23
82 6
34 77
34 71
34 55
77 45
45 51