0 1 2 3 4 5 6 8 10 11 12 14 15 16 17 18 19 20 21 22 23 24 27 28 29 31 33 35 38 44 46 47 48 51 52 53 57 58 64 66 95 26 30 32 9 54 59 42 37 49 56 61 63 67 70 74 77 81 84 86 88 93 94 97 7 13 39 40 45 55 98 76 78 34 99 60 85
0 26
0 27
1 30
1 29
1 28
2 32
2 31
2 33
3 35
4 38
4 37
4 39
5 42
6 44
6 45
8 49
8 51
10 56
10 57
11 59
11 58
11 60
12 61
12 63
14 67
15 70
16 74
17 77
17 76
17 78
18 81
19 84
20 86
20 85
21 88
22 93
23 94
23 95
24 97
24 99
29 32
29 38
29 59
35 54
38 77
38 97
44 37
44 49
44 56
44 84
44 40
46 67
46 7
47 7
48 7
52 26
52 30
52 9
52 81
53 9
57 94
58 42
58 61
58 86
64 77
64 13
64 34
66 13
30 74
9 54
42 88
49 70
56 93
63 67
77 98
39 55