1 2 3 4 5 6 7 8 9 10 11 12 13 14 15 17 18 21 22 23 24 25 26 30 32 33 35 38 42 46 54 73 74 75 77 78 82 83 84 85 86 88 89 90 94 92 51 16 69 19 52 0 97 99 80 56 67 41 20 47 59 48 43 65 72 63 49 27 29 31 34 40 53 55 68 76 91 93
1 30
2 32
2 33
2 31
3 35
3 34
4 38
5 42
5 41
5 40
6 43
7 47
7 46
7 48
8 51
8 49
9 54
9 52
9 53
10 56
10 55
11 59
12 63
13 65
14 69
14 67
14 68
15 72
17 77
17 78
17 76
18 80
21 89
21 88
21 90
22 92
22 91
22 93
23 94
24 97
24 99
25 52
25 0
26 0
26 97
30 99
32 78
35 69
38 49
42 67
46 43
54 78
54 82
73 16
74 89
74 16
75 16
75 59
77 92
78 69
78 56
78 72
82 19
82 29
83 19
83 80
84 19
85 41
85 20
85 63
86 20
86 47
89 92
90 51
94 48
0 27
67 65