0 2 4 5 7 9 11 13 15 17 19 21 23 26 28 30 33 35 37 39 40 41 43 46 49 51 54 56 58 60 62 63 65 68 69 71 74 76 77 79 82 84 86 88 90 92 94 97 1 89 3 98 20 95 83 87 91 16 22 93 96 38 78 6 32 57 14 59 47 53 10 27 12 61 24 80 50 70 25
0 1
0 89
0 98
2 1
2 3
4 3
4 5
5 38
5 6
7 6
9 10
11 6
11 10
11 12
13 96
13 14
15 16
15 57
17 16
19 20
19 83
21 1
21 20
21 22
23 22
23 53
23 24
26 10
26 27
26 25
28 27
30 86
33 32
35 47
37 38
39 38
39 40
41 12
43 14
46 20
46 47
49 50
51 24
54 53
56 57
56 50
58 59
60 93
60 59
60 61
62 61
62 63
65 80
68 69
69 70
71 87
71 70
74 25
76 77
77 22
79 78
79 80
82 83
84 83
86 87
88 89
88 87
88 78
90 89
90 95
90 91
92 93
92 32
94 95
94 93
97 98
95 96
91 16