0 2 3 4 5 6 7 8 9 12 13 14 15 16 18 21 22 24 25 27 30 42 51 54 55 56 57 59 60 62 66 69 78 83 84 85 86 87 88 94 95 49 26 91 98 64 37 46 81 89 20 97 35 75 80 93 68 23 33 61 10 70 44 50 79 39 47 65 92 19
0 27
0 25
0 26
2 33
3 35
4 37
4 39
5 42
6 44
7 46
8 49
8 51
8 50
9 54
12 62
12 61
13 64
13 66
14 68
14 69
15 70
16 75
18 81
18 80
18 79
21 89
21 88
22 91
22 93
22 92
24 98
24 97
25 91
25 47
25 65
27 49
27 87
27 37
30 88
42 85
51 46
51 33
54 49
54 89
55 61
55 10
56 91
57 10
59 37
60 75
62 91
66 84
78 37
83 26
83 98
83 75
83 19
85 20
86 20
87 81
87 20
94 80
94 23
94 70
95 23
95 44
49 64
97 35
93 68