0 1 2 4 5 7 10 11 12 13 14 15 16 17 18 19 20 21 22 23 31 34 35 39 42 43 45 47 51 52 53 54 55 66 68 69 74 80 81 86 97 98 99 75 24 62 61 9 44 6 40 3 92 89 72 30 84 58 48 46 95 27 64 94 77 32 33 36 56 59 60 63 73 79 83 91 96
0 27
1 30
2 31
2 32
2 33
4 39
5 40
5 42
7 48
7 47
7 46
10 55
11 58
11 59
11 60
12 62
12 61
12 63
13 64
13 66
14 69
14 68
15 72
16 75
16 74
16 73
17 77
18 81
18 80
18 79
19 84
20 86
21 89
22 92
22 91
23 95
23 94
31 75
31 98
31 64
34 3
35 99
35 44
35 3
39 61
39 48
43 6
43 69
43 55
45 6
51 92
52 9
53 9
54 97
54 9
54 96
55 89
68 27
69 40
69 84
74 30
80 72
81 61
86 46
86 95
97 24
97 62
97 56
98 24
98 58
99 24
75 92
44 6
3 36
94 77
32 83