0 1 2 3 4 5 7 8 9 10 13 14 15 16 17 18 19 20 21 23 24 27 36 38 42 43 44 45 49 58 59 61 62 65 69 77 85 88 91 92 93 95 96 98 76 26 80 78 81 51 32 6 28 73 48 33 66 22 70 56 90 39 83 64 53 25 34 35 30 47 50 11 60 97 79 12 94
0 27
0 26
0 25
1 28
2 32
2 33
3 36
3 34
3 35
4 39
4 38
5 42
7 48
8 51
8 49
8 50
9 53
10 56
13 66
13 65
13 64
14 69
15 70
16 73
17 76
17 77
17 78
18 80
18 81
18 79
19 83
20 85
21 90
21 88
23 96
23 95
24 98
27 76
27 80
36 77
36 28
42 32
43 6
43 48
43 90
44 78
44 62
44 6
45 6
58 77
58 66
58 11
59 73
59 83
61 26
61 32
62 73
62 39
62 97
62 12
62 94
69 33
77 51
85 64
91 22
92 51
92 22
92 56
93 22
93 53
95 70
96 81
98 48
51 47
35 30
11 60