3 8 9 12 14 17 18 20 21 23 25 26 27 29 30 32 33 35 36 39 40 42 43 44 47 48 49 50 51 54 57 59 61 62 63 64 66 68 69 71 74 75 77 78 79 80 82 83 84 87 90 92 93 96 98 6 13 34 41 52 73 10 15 19 28 24 31 58 38 67 60 76
3 6
8 9
9 6
9 14
12 18
14 20
14 13
14 10
14 15
14 19
17 18
17 23
18 13
20 21
20 26
21 27
21 28
25 33
25 24
26 33
29 30
30 39
32 41
32 31
33 34
33 42
35 34
35 36
36 44
39 49
39 48
39 38
40 41
40 49
42 41
43 34
44 54
47 57
48 57
49 59
49 58
50 51
51 41
51 52
51 61
54 64
54 63
59 68
59 67
62 52
63 71
66 74
68 75
68 69
68 60
68 76
69 77
71 78
74 75
74 73
75 82
78 79
78 84
80 73
82 87
83 84
84 90
87 92
92 96
93 96
96 98