0 1 2 5 6 7 8 9 10 11 13 14 15 16 17 18 21 22 23 24 28 32 34 35 36 37 38 39 48 55 57 61 62 63 70 74 82 83 85 87 90 26 27 93 95 25 42 50 43 44 29 65 4 75 52 3 66 30 60 47 96 89 79 67 97 12 78 86 59 64 20 91 92 45 94
0 26
0 27
0 25
1 28
1 29
1 30
2 32
5 42
6 43
6 44
6 45
7 47
7 48
8 50
9 52
10 55
10 57
11 60
13 65
13 66
13 64
14 67
15 70
16 74
17 78
18 79
21 89
21 90
22 93
22 91
22 92
23 95
23 96
23 94
24 97
28 26
28 50
28 65
28 86
32 52
34 3
35 3
36 29
36 3
36 47
37 44
37 4
37 60
38 4
38 79
39 4
39 85
48 78
55 66
55 82
61 75
61 12
62 12
63 70
63 97
70 44
70 75
74 50
83 30
87 29
27 93
27 95
93 43
25 42
29 59
75 52
47 67
96 89
86 20