1 2 5 6 7 8 9 10 11 25 27 28 29 31 33 36 37 40 41 42 44 45 46 47 48 49 50 51 52 53 54 55 56 57 58 59 60 61 62 0 3 4 24 26 30 34 32 39 43 38 35 12 23 77 78 75 76 73 74 71 72 95 96 98 65 66 13 14
1 0
1 3
1 4
2 0
2 5
2 6
5 11
5 12
6 13
6 14
7 3
8 3
9 4
10 4
11 24
11 23
25 24
25 37
25 27
25 26
27 31
28 26
28 33
28 32
29 26
29 34
29 35
31 39
31 38
33 42
33 43
36 30
36 49
36 48
37 51
37 50
37 30
40 32
40 56
40 57
41 32
41 58
41 59
42 60
42 61
44 34
45 34
45 65
45 66
46 35
47 35
48 71
48 72
49 73
49 74
50 75
50 76
51 77
51 78
52 38
53 38
54 39
55 39
60 95
60 96
61 98
62 43