0 1 2 4 7 10 12 13 14 16 17 18 24 26 27 29 31 33 34 35 37 38 39 40 41 42 43 49 50 51 52 54 57 60 62 63 64 66 67 68 74 75 76 77 79 82 85 87 88 89 91 92 93 99 6 3 11 5 19 15 25 28 36 30 44 53 56 61 55 69 65 81 78 86 80 32 46 47 59 58 71 72
0 1
1 2
1 3
2 4
2 6
2 5
7 6
10 3
10 11
12 11
13 5
13 16
13 18
13 19
14 5
14 15
17 11
24 19
26 15
26 27
26 25
26 28
27 29
27 31
27 30
31 32
33 25
34 15
35 28
35 36
37 36
38 30
38 41
38 43
38 44
39 30
39 40
40 53
41 46
41 47
42 36
49 44
50 51
50 58
51 53
51 52
51 59
52 54
52 56
52 55
57 56
60 53
60 61
62 61
63 55
63 66
63 68
63 69
64 55
64 65
66 71
66 72
67 61
74 69
75 76
76 65
76 77
76 78
77 79
77 81
77 80
82 81
85 78
85 86
87 86
88 80
88 91
88 93
89 80
92 86
99 65