0 1 3 5 6 8 10 12 15 16 19 20 21 25 26 29 31 32 34 42 43 44 46 48 50 52 53 54 56 57 59 23 68 82 66 76 84 99 22 90 40 41 24 11 88 58 9 36 61 62 63 64 65 67 69 70 71 72 73 74 75 77 78 79 80 81 83 85 86 87 89 91 92 93 94 95 96 97 98
0 23
0 68
0 82
0 66
0 76
0 84
0 99
0 90
0 88
0 36
0 61
0 62
0 63
0 64
0 65
0 67
0 69
0 70
0 71
0 72
0 73
0 74
0 75
0 77
0 78
0 79
0 80
0 81
0 83
0 85
0 86
0 87
0 89
0 91
0 92
0 93
0 94
0 95
0 96
0 97
0 98
1 54
3 40
3 8
3 41
5 11
6 41
10 66
10 22
12 68
15 19
15 31
16 31
19 54
19 52
20 22
21 76
21 43
21 50
21 24
25 59
26 24
29 59
32 82
32 40
32 9
34 84
42 88
44 90
46 58
48 22
52 58
53 9
54 23
54 56
54 57
59 99
59 11