0 2 5 6 7 13 15 16 17 18 19 20 22 23 24 27 28 30 34 36 37 38 39 40 41 43 44 45 48 50 51 52 54 55 56 60 61 62 63 64 65 66 68 69 70 71 72 73 75 76 78 81 82 83 84 85 87 88 91 92 93 94 95 96 97 98 99 59 3 9 74 11 80 53 31 49 79 12 42 46 4 33 89 14 1 26 8 35 86 77 21
0 2
0 59
0 56
2 55
2 62
2 85
5 59
5 38
5 20
6 54
6 99
7 92
7 3
13 38
13 16
15 3
15 65
17 28
17 34
18 54
18 77
19 9
19 23
19 96
19 95
22 27
22 79
22 14
23 8
24 37
27 9
27 74
27 41
28 74
28 89
30 54
30 78
36 92
36 45
36 11
37 54
39 65
40 98
40 52
41 26
43 98
43 73
43 21
44 60
44 51
45 31
48 50
50 73
50 61
54 55
54 75
54 4
55 98
55 12
55 42
55 46
60 74
60 91
62 80
63 11
63 53
63 49
64 80
66 53
68 80
69 31
70 91
70 72
71 78
72 87
75 76
76 92
76 9
81 31
82 96
82 97
82 35
82 86
83 49
84 91
88 80
91 93
92 33
94 79
94 1