0 2 5 7 8 12 14 15 17 19 22 23 24 25 26 32 33 34 35 36 37 39 40 46 52 55 63 64 65 66 67 68 70 73 78 80 84 88 89 94 95 96 97 98 45 91 41 10 6 53 20 62 79 42 30 50 85 3 9 21 4 81 54 76 27
0 45
0 80
0 12
0 10
0 88
0 42
0 30
2 35
2 65
5 68
5 21
7 70
7 35
8 96
12 53
14 41
14 6
15 78
17 34
19 65
22 20
23 96
23 4
24 36
25 79
26 53
26 33
32 33
34 63
34 54
35 94
36 52
36 95
37 6
37 98
39 55
39 89
39 84
40 89
40 78
46 6
52 91
52 96
55 95
63 45
63 81
64 73
64 85
64 3
65 20
66 80
67 94
68 91
68 9
70 45
73 45
73 91
73 41
73 50
80 76
88 62
97 10
62 79
42 27