2 5 8 11 14 17 20 23 26 29 32 35 38 41 44 47 50 53 56 59 62 65 68 71 74 77 80 83 86 89 92 95 98 51 54 48 57 60 63 66 69 72 75 45 42 39 36 33 30 27 24 21 18 15 12 9 6 3 78 81 84 87 90 93 96 25 28 31 34 37 40 43 46 49 52 55 58 61 64 67 70 73 76
2 3
5 6
5 3
8 9
8 6
11 12
11 9
14 15
14 12
17 18
17 15
20 21
20 18
23 24
23 21
26 27
26 24
26 25
29 30
29 27
32 33
32 30
32 31
35 36
35 33
35 34
38 39
38 36
38 37
41 42
41 39
44 45
44 42
44 43
47 48
47 45
47 46
50 51
50 48
50 49
53 51
53 54
53 52
56 54
56 57
56 55
59 57
59 60
62 60
62 63
65 63
65 66
68 66
68 69
68 67
71 69
71 72
71 70
74 72
74 75
74 73
77 75
77 78
80 78
80 81
83 81
83 84
86 84
86 87
89 87
89 90
92 90
92 93
95 93
95 96
98 96
57 58
60 61
63 64
75 76
39 40
27 28