5 9 14 18 23 27 31 36 40 41 45 49 51 56 60 64 68 74 78 82 86 92 98 2 7 8 12 13 11 17 16 20 22 26 29 33 34 39 38 42 43 48 53 54 57 62 66 69 71 75 80 83 96 93 21 24 25 28 30 32 35 37 44 46 47 50 52 58 59
5 2
5 7
9 8
9 12
14 11
14 17
18 16
18 20
23 22
23 26
27 26
27 29
27 28
31 29
31 33
31 30
36 34
36 39
40 42
40 43
41 38
41 42
45 43
45 48
45 46
49 48
51 48
51 53
56 54
56 58
56 59
60 57
60 62
64 62
64 66
68 66
68 69
74 71
74 75
78 75
78 80
82 80
82 83
86 83
92 93
98 2
98 96
7 8
12 13
13 11
17 16
20 22
22 21
22 24
22 25
33 34
33 32
33 35
39 38
38 37
43 44
48 50
53 54
53 52
54 57
69 71
96 93
46 47