0 1 3 5 6 14 17 18 20 21 22 24 28 30 33 35 37 38 39 42 43 51 52 53 57 58 61 62 63 67 72 75 77 78 79 80 81 87 92 94 97 98 29 74 4 27 32 34 93 86 23 68 11 90 15 36 41 82 69 59
0 81
0 80
0 35
1 72
3 39
5 42
6 43
14 27
14 61
17 4
18 93
20 97
20 98
20 94
21 43
21 75
21 33
22 51
24 43
24 77
28 63
30 29
33 79
33 62
37 32
38 78
38 97
38 57
38 86
38 68
39 81
39 29
39 93
42 97
43 72
43 34
51 72
52 98
53 98
53 74
53 69
58 34
63 74
63 90
67 78
67 11
72 74
77 27
78 29
78 15
78 82
81 87
92 27
94 4
94 23
97 32
98 36
98 41
98 59