0 2 4 5 7 9 12 13 14 15 17 19 22 23 25 26 27 30 34 36 37 40 41 42 43 44 45 47 50 51 52 53 57 58 59 60 61 64 66 69 73 75 77 80 81 84 85 86 88 90 91 95 97 68 31 3 79 78 76 18 28 10 65 29 74 16 87 70
0 57
0 84
2 3
2 57
4 5
5 25
5 97
7 81
7 12
7 65
7 74
9 31
9 34
12 73
13 57
13 42
13 36
14 65
15 59
17 78
17 29
19 22
22 88
23 78
23 51
25 27
25 53
26 68
27 47
27 88
27 75
30 77
30 44
34 10
37 60
37 41
37 70
40 58
40 81
40 16
41 31
41 28
43 10
45 78
47 78
50 76
51 76
52 60
53 86
58 31
58 3
58 78
59 69
59 61
59 64
60 68
66 79
69 3
69 77
69 87
73 95
73 18
80 18
81 85
84 90
91 28
95 79