1 2 4 5 6 7 8 11 12 13 14 15 16 17 18 19 20 21 22 24 25 27 32 35 36 42 46 47 48 52 53 56 57 64 79 82 85 89 93 94 95 96 97 59 88 33 92 40 26 0 69 72 9 61 68 45 75 31 54 23 39 49 99 83 28 78 44 63 70 60 91 73 66 90 67 41
1 7
1 28
2 33
2 32
2 31
4 39
5 40
5 42
5 41
6 45
7 48
7 46
7 47
8 49
11 59
11 60
12 61
13 64
14 69
14 68
14 67
15 72
16 75
17 78
18 79
19 83
20 85
21 88
21 89
21 90
22 92
22 93
22 91
24 97
25 0
25 75
25 35
27 0
27 45
27 57
27 39
32 99
36 28
42 95
42 49
46 53
46 88
46 69
47 33
47 40
48 59
48 92
48 26
48 44
48 63
48 70
52 9
53 9
53 73
53 66
56 75
64 33
79 68
79 83
82 54
85 99
89 72
89 61
93 78
94 23
95 23
96 23
97 31
26 0
9 54