0 1 2 3 4 6 7 8 9 10 11 12 13 16 17 18 19 20 21 22 24 25 30 31 35 40 42 44 49 54 59 61 62 64 67 68 70 71 79 81 88 91 94 95 96 97 26 27 45 85 73 93 29 51 56 47 33 77 84 92 80 37 82 66 52 87 78 48 63 41 43 46 32 5 72 50
0 25
0 26
0 27
1 29
2 31
2 33
2 32
3 35
4 37
6 45
6 44
6 43
7 47
8 49
8 51
8 50
9 54
9 52
10 56
11 59
12 62
12 61
12 63
13 66
13 64
16 73
17 77
18 80
18 79
18 81
19 84
19 82
20 85
21 88
22 93
22 91
22 92
24 97
25 85
25 87
25 78
30 51
30 88
30 70
31 27
31 40
31 49
31 46
35 33
40 5
42 27
42 97
42 73
44 29
44 47
44 84
49 37
49 72
54 92
54 80
59 82
59 66
61 93
61 41
62 26
62 48
67 93
68 70
71 51
88 56
94 77
95 80
96 52
97 77
26 45