0 6 8 9 12 18 22 25 27 28 29 30 35 36 39 42 48 52 53 54 59 60 66 68 71 72 77 78 84 90 96 7 14 23 33 34 44 47 56 58 67 73 76 70 83 88 1 2 3 4 5 10 21 24 31 43 51 19 26 11 13 15 16 17
0 6
0 1
0 2
0 3
0 4
0 5
6 8
6 7
6 12
6 10
8 14
9 7
9 11
12 18
12 16
12 17
22 14
22 23
22 25
27 28
28 29
28 35
28 33
29 23
29 34
29 21
29 24
30 33
35 31
36 39
39 34
39 44
42 44
42 47
42 43
48 58
48 51
52 47
53 44
53 56
54 56
54 59
54 60
59 58
60 67
66 70
66 68
71 67
71 73
72 73
72 76
77 76
77 70
78 76
84 88
84 90
90 96
73 83
83 88
21 19
24 26
11 13
11 15