0 1 3 6 10 12 13 16 19 22 23 24 27 28 29 31 33 34 36 37 38 39 40 41 42 43 45 48 49 50 55 57 58 60 61 63 65 67 69 72 73 76 78 79 83 85 88 89 90 91 92 94 95 96 97 98 99 17 56 8 53 7 18 26 86 35 75 30 20 68 66 11 25 74 2 54
0 17
0 91
0 78
0 86
1 57
1 85
1 96
1 29
1 50
1 83
1 75
3 34
6 72
10 29
10 40
10 94
10 58
10 25
10 74
12 34
12 53
12 36
13 95
13 38
16 49
19 61
19 42
22 7
22 18
23 17
23 60
23 8
23 33
24 57
27 29
27 11
28 56
28 63
28 95
29 66
31 98
34 91
37 49
37 65
39 45
39 26
41 56
41 79
43 94
43 61
45 49
48 88
49 88
50 69
55 91
57 17
57 35
63 30
67 90
69 98
72 18
73 8
76 26
78 7
79 99
83 54
85 56
85 90
88 96
88 20
88 68
89 53
92 18
94 2
95 97