0 2 3 6 8 10 12 14 15 18 20 22 26 28 29 30 33 35 37 40 42 44 46 48 51 53 54 55 58 60 62 65 67 69 71 73 76 78 79 80 83 85 87 89 91 93 95 98 1 7 9 11 13 17 19 21 49 31 32 27 34 36 39 74 56 57 52 59 61 64 99 81 82 77 84 86 90 92 94 16 47 25 38 41 72 50 63 68 70 66 97
0 1
2 1
2 3
6 7
8 7
8 9
10 9
10 11
12 11
12 13
12 17
14 13
14 15
18 17
18 19
18 49
20 19
20 21
22 21
26 32
26 27
26 25
28 27
28 29
30 31
30 39
33 32
33 34
33 46
35 34
35 36
35 44
37 36
37 42
40 39
40 74
40 41
48 49
48 31
48 47
51 57
51 52
51 50
53 52
53 54
54 63
55 56
55 64
58 57
58 59
58 71
60 59
60 61
60 69
62 61
62 67
65 64
65 99
65 66
69 68
69 70
73 74
73 56
73 72
76 82
76 77
78 77
78 79
80 81
80 89
83 82
83 84
85 84
85 86
87 86
89 90
91 90
91 92
93 92
93 94
95 94
98 99
98 81
98 97
1 7
17 16
31 32
39 38
56 57
81 82