1 3 4 6 8 10 12 14 16 18 20 21 23 24 26 28 29 31 33 34 36 38 40 42 44 45 46 48 50 52 54 56 58 60 62 65 67 69 72 74 76 78 80 83 85 87 89 91 93 96 98 2 5 7 9 19 11 22 13 15 57 25 84 90 30 35 32 73 86 43 37 49 51 61 39 0 99 27 17
1 2
1 72
1 0
1 99
3 2
3 4
4 20
4 5
4 57
4 90
6 5
6 7
6 78
8 7
8 9
8 98
10 9
10 11
12 11
12 13
14 13
14 15
16 15
18 19
18 17
20 21
20 19
21 22
23 22
23 28
23 24
23 96
24 25
26 25
28 29
28 27
29 76
29 30
31 30
31 60
31 48
31 32
33 34
34 78
34 45
34 80
34 35
36 35
36 37
38 37
38 39
40 39
42 43
44 45
44 43
45 56
45 65
45 46
48 49
50 49
50 51
52 51
54 32
56 93
58 57
60 61
62 61
67 76
69 72
72 73
74 73
83 84
85 9
85 84
85 86
87 86
89 84
91 90