0 1 2 3 5 7 8 9 10 12 14 15 16 17 18 19 20 21 22 24 25 26 27 28 29 30 32 33 34 36 38 39 42 44 45 46 50 57 58 59 62 64 66 68 70 71 72 75 79 80 82 83 84 85 86 88 89 92 94 96 99 98 97 74 40 47 35 63 95 60 55 4 73 6 11 41 43 49 31 13 23 37 48
0 1
0 2
0 4
1 98
2 18
2 68
3 20
5 7
5 8
7 15
7 39
7 6
8 11
9 10
10 25
10 12
14 15
14 24
14 13
14 23
15 16
16 18
17 18
18 19
19 20
19 44
20 21
20 25
22 24
24 38
25 26
25 27
25 28
27 70
29 32
29 30
32 35
32 31
33 34
33 35
34 42
34 36
34 49
38 47
38 37
39 40
42 40
42 41
42 43
44 45
46 47
46 48
50 55
57 89
57 58
57 55
59 60
62 63
62 60
64 74
64 63
64 73
66 68
70 71
71 79
72 74
75 60
79 80
80 82
82 85
83 85
83 84
84 86
84 99
84 92
88 97
88 74
88 89
92 95
94 95
96 98
96 97