1 4 6 9 10 13 14 16 17 19 21 22 23 25 27 28 29 36 37 39 42 43 44 46 48 49 54 55 56 59 61 63 64 68 69 72 75 76 83 84 85 86 87 89 90 92 93 94 95 24 41 52 38 51 88 70 15 8 74
1 75
1 94
4 9
4 59
6 23
6 14
6 17
6 24
9 36
9 41
10 23
10 93
13 83
14 83
14 37
16 23
17 92
17 86
17 69
19 90
21 85
22 41
23 28
23 48
23 36
23 55
23 85
23 25
23 75
23 54
23 95
23 64
23 38
23 51
23 88
23 70
23 15
23 8
25 76
27 59
29 52
29 90
36 56
36 84
36 74
39 41
39 63
42 24
42 87
43 55
43 49
43 44
44 89
46 48
59 61
64 52
68 94
72 75