1 2 5 6 12 13 14 17 18 20 22 26 28 31 33 34 37 39 41 42 44 46 48 53 54 55 56 61 63 64 66 68 70 73 74 76 78 82 83 86 88 89 90 91 94 96 99 4 45 47 49 81 80 21 87 85 9 58 59 57 60 69 67 25 29 75 40 43 10 98 35 23 19 16 52 8 24 27 77 79
1 2
2 4
5 9
5 55
5 8
6 9
6 34
12 10
13 46
13 10
14 10
14 54
17 16
18 19
18 16
20 22
20 87
20 23
22 21
26 29
26 75
28 89
28 25
28 27
31 34
31 98
33 49
33 81
37 43
37 35
39 35
41 40
42 75
44 74
44 40
44 43
46 45
48 4
48 45
48 47
48 19
53 52
54 52
55 58
56 59
56 57
56 90
61 60
63 64
63 60
64 57
66 91
66 69
68 67
70 47
70 74
73 23
76 78
78 75
82 83
82 21
83 80
86 85
86 77
88 87
88 85
89 85
89 9
90 91
91 94
96 99
99 98
45 49
81 80
21 24
58 59
69 67
25 29
77 79