1 6 8 9 10 11 17 18 20 23 29 31 34 37 47 52 53 55 57 61 65 68 73 74 77 79 80 81 83 84 85 0 86 40 75 25 41 48 24 2 12 46 54 63 3 67 64 14 78 66 5 7 45 92 22 50 39 36 42 32
1 67
1 64
6 12
6 54
8 46
8 5
8 22
9 40
10 46
11 64
11 14
17 14
18 86
18 40
20 65
20 42
23 41
23 29
23 36
29 83
29 24
31 3
34 75
34 65
37 75
47 78
47 66
52 25
53 77
55 2
55 39
57 66
61 48
61 12
61 46
65 41
68 67
73 48
73 45
74 24
77 54
77 63
79 0
79 86
80 0
80 75
81 46
81 67
83 48
83 32
84 0
84 25
85 24
85 2
85 7
63 3
14 78
45 92
45 50