0 2 3 5 6 8 9 10 11 12 13 15 16 18 19 20 21 22 23 24 28 29 30 34 37 38 39 46 48 52 63 67 69 76 77 78 85 26 1 31 35 42 44 40 51 27 56 58 55 66 71 74 81 82 86 88 92 94 99 36 90 7 14 25 73 83 33 41 17 61 89 4 87 65 95 68 43 45 57
0 26
0 27
0 25
2 31
3 35
3 34
3 36
5 42
5 40
5 41
6 44
6 43
6 45
8 51
9 52
10 56
10 55
10 57
11 58
12 63
13 66
15 71
16 74
18 81
19 82
20 86
20 85
21 88
21 90
21 89
22 92
23 94
24 99
28 1
29 26
29 1
29 35
29 83
30 1
30 31
34 42
34 88
34 33
37 46
38 36
38 4
38 87
38 65
38 95
39 90
46 66
46 81
46 7
48 7
52 76
52 58
52 86
63 31
63 71
63 99
67 36
67 14
69 14
76 42
76 82
76 17
77 56
77 92
78 92
26 73
35 44
44 74
40 51
27 56
55 66
86 94
88 61
14 68