0 1 2 3 4 5 6 7 8 9 10 11 12 13 14 15 16 18 20 21 22 24 31 41 45 46 48 53 71 75 78 83 86 88 89 91 94 95 96 98 29 39 38 23 70 63 43 79 44 73 57 36 61 58 64 59 25 50 51 69 30 32 33 37 62 72 81 92 93
0 25
1 29
1 30
2 31
2 32
2 33
3 36
4 39
4 38
4 37
5 41
6 45
6 43
6 44
7 46
7 48
8 50
8 51
9 53
10 57
11 58
11 59
12 63
12 61
12 62
13 64
14 69
15 71
15 70
15 72
16 73
16 75
18 79
20 86
21 88
21 89
22 91
22 92
22 93
24 98
31 71
31 36
41 86
45 39
46 75
48 57
53 70
53 64
71 38
71 50
78 51
83 61
86 88
88 43
89 79
91 38
94 23
94 63
94 73
95 23
96 38
96 23
98 44
98 69
29 39
63 58
59 25
72 81