1 2 4 6 7 10 12 13 15 17 18 19 21 22 25 27 32 34 35 38 41 42 44 45 46 48 49 52 55 57 58 63 64 65 66 70 72 73 74 77 79 81 82 85 86 88 89 90 94 97 99 0 3 11 33 39 51 50 59 62 67 71 76 91 93 16 20 40 43 54 47 61 53 56 68
1 0
2 0
2 3
4 3
4 12
4 16
6 10
6 7
10 13
10 11
12 13
12 18
13 21
15 11
15 25
15 27
17 21
18 19
18 32
19 22
19 33
19 20
34 33
34 39
35 33
35 41
35 40
38 39
41 44
42 39
44 45
44 43
44 54
45 46
45 51
46 48
46 47
49 51
49 50
52 50
52 55
52 61
52 53
55 59
55 56
57 58
58 59
63 62
64 65
64 62
65 59
65 66
65 67
65 68
70 71
70 76
72 73
73 67
73 77
74 76
77 88
77 71
77 79
79 82
81 76
85 89
86 89
86 91
88 89
89 99
90 91
90 93
94 93
97 99