2 3 4 6 7 9 10 11 12 13 15 17 18 19 20 21 25 32 33 34 36 37 40 42 43 44 46 47 48 53 56 58 62 63 66 67 69 70 72 73 74 76 77 79 80 81 82 83 84 86 87 90 93 94 95 97 98 45 8 51 68 38 89 91 28 65 64 26 14 60 52 0 92 61 55 71 5 99 30 39 23 27 88 1 35
2 68
2 36
3 53
3 92
3 37
4 45
4 8
4 65
6 64
6 84
7 34
7 48
9 76
10 8
10 51
10 89
11 87
11 68
11 88
12 23
12 43
13 95
15 39
15 90
17 52
17 46
18 5
19 71
20 60
21 30
21 27
25 65
32 84
33 23
34 97
36 83
37 30
37 63
40 91
40 80
40 1
42 26
42 55
44 68
44 95
44 0
47 77
47 94
53 0
56 55
56 23
58 92
62 64
62 26
66 74
67 8
67 38
67 28
69 71
70 28
70 52
72 27
73 38
73 91
74 14
76 61
77 89
79 81
79 64
80 14
80 60
81 89
81 35
82 45
83 5
86 14
86 99
87 51
87 97
93 99
93 39
95 71
98 0
98 61