0 2 5 6 8 9 10 12 18 20 21 24 25 27 29 32 33 35 36 37 39 42 43 46 47 48 51 52 54 55 59 61 64 66 68 71 75 77 78 79 83 85 86 91 93 96 97 98 1 65 74 72 17 15 99 38 95 60 80 58 89 67 26 90 94 34 63 41 28 87
0 18
2 42
2 21
2 96
5 27
5 39
6 64
8 29
8 36
9 86
10 39
10 85
12 77
12 15
12 32
12 51
18 72
20 25
24 79
24 1
24 66
25 68
25 55
25 33
27 17
27 93
29 79
29 43
29 89
35 74
36 54
36 83
37 79
37 90
42 99
43 78
43 72
43 95
43 60
43 80
43 58
46 48
47 91
48 86
48 74
48 63
52 83
52 91
52 59
61 1
61 17
64 97
68 97
71 17
75 83
77 79
77 86
79 65
79 67
86 94
86 34
91 38
97 65
97 41
98 38
1 26
15 99
95 87
67 28