0 2 4 6 8 11 13 15 17 19 20 22 24 26 28 31 33 35 37 39 40 42 44 46 48 51 53 55 57 59 60 62 64 66 68 71 73 75 77 79 80 82 84 86 88 91 93 95 97 99 16 5 3 1 7 18 25 23 21 36 38 45 43 41 56 58 65 63 61 76 78 85 83 81 96 98 27 47 54 67
0 1
2 3
2 1
4 5
4 3
6 16
6 5
6 7
8 7
11 1
13 3
15 16
17 16
17 18
19 18
20 21
22 23
22 21
24 25
24 23
26 16
26 25
26 27
28 18
31 21
33 23
35 25
35 36
37 36
37 38
39 38
40 41
42 43
42 41
44 45
44 43
46 36
46 45
46 47
48 38
51 41
53 43
53 54
55 45
55 56
57 56
57 58
59 58
60 61
62 63
62 61
64 65
64 63
66 56
66 65
66 67
68 58
71 61
73 63
75 65
75 76
77 76
77 78
79 78
80 81
82 83
82 81
84 85
84 83
86 76
86 85
88 78
91 81
93 83
95 85
95 96
97 96
97 98
99 98