0 1 2 5 7 8 11 13 14 15 16 17 19 20 22 23 24 25 27 30 32 33 37 39 41 44 50 52 58 60 64 66 69 70 78 82 84 87 88 91 92 94 95 96 98 54 36 31 4 76 97 38 9 89 3 71 59 18 47 62 63 65 67 68 72 73 74 75 77 79 80 81 83 85 86 90 93 99 35 43
0 24
0 2
0 84
0 70
0 25
0 92
0 82
0 96
0 94
0 91
0 95
0 87
0 78
0 88
0 66
0 64
0 98
0 69
0 76
0 97
0 89
0 71
0 62
0 63
0 65
0 67
0 68
0 72
0 73
0 74
0 75
0 77
0 79
0 80
0 81
0 83
0 85
0 86
0 90
0 93
0 99
1 36
2 43
5 37
7 31
7 52
8 4
11 9
13 71
14 38
15 41
16 59
17 31
17 20
19 76
20 59
22 18
23 54
24 41
24 32
24 54
24 35
25 9
27 30
27 38
30 37
33 3
37 41
39 89
39 47
44 4
44 3
44 18
50 97
58 9
60 47
64 4
84 31
88 36