1 2 3 4 6 8 11 13 16 19 24 25 26 27 29 31 33 34 36 39 40 41 43 48 50 51 52 53 54 55 56 58 59 61 62 63 64 67 75 79 81 82 83 89 90 91 92 96 30 99 47 87 70 57 35 20 66 77 12 93 15 97 68 45 44 46
1 92
1 47
1 24
2 91
3 99
4 87
6 99
6 89
8 99
11 48
13 47
13 56
13 97
16 34
16 54
16 59
16 75
16 83
19 48
24 35
24 20
25 70
26 64
26 63
26 12
26 58
26 45
27 70
29 57
31 35
31 79
33 64
33 48
33 70
34 92
34 99
36 63
39 20
39 41
39 66
40 99
41 61
43 77
50 91
50 90
51 20
52 30
53 12
55 66
55 67
56 64
59 96
62 93
63 87
63 57
63 44
63 46
64 68
81 20
82 20
91 30
92 30
92 15
35 93
66 77