1 2 3 4 6 7 10 11 12 13 14 17 18 19 20 21 23 24 25 26 27 28 29 31 33 35 37 40 41 42 43 45 46 49 50 51 52 53 55 56 58 59 60 63 78 79 80 82 85 86 87 88 92 94 95 96 97 76 61 69 99 98 89 83 81 30 32 34 36 38 39 44 0 8 16 15 5 9 22 57 64 62 54 65 66 67 68 70 71 72 73 74 75 77
1 2
1 8
1 16
2 4
2 18
2 15
3 11
3 14
3 20
3 0
4 13
4 6
4 19
6 7
7 5
10 18
10 11
12 13
13 17
14 9
17 76
17 53
20 27
20 29
20 26
21 26
23 29
23 28
24 28
25 26
25 22
29 30
31 30
31 32
33 32
33 34
35 34
35 36
37 36
37 38
40 39
40 42
40 49
40 41
41 46
41 44
42 43
45 44
50 58
50 56
50 60
51 55
51 61
52 58
53 55
53 58
56 59
56 57
56 54
58 64
63 61
63 62
78 76
78 79
78 65
78 66
78 70
78 72
78 73
78 74
79 69
79 67
79 68
79 71
79 75
79 77
80 98
80 89
82 83
85 69
85 96
85 99
86 97
86 98
87 81
88 83
88 94
92 89
92 83
94 81
95 96
97 99
38 39