0 1 2 6 7 8 9 11 13 14 17 19 21 24 25 28 29 30 33 34 35 37 38 40 42 44 46 47 48 53 54 55 56 62 63 70 71 74 76 78 81 83 84 85 86 87 89 91 93 95 98 99 90 51 45 15 36 41 69 96 75 3 31 18 20 73 50
0 85
0 14
1 41
2 15
6 91
6 48
7 45
7 24
7 3
8 69
8 38
9 90
9 31
11 93
11 90
13 56
17 85
19 71
19 41
21 90
21 44
21 91
21 51
21 36
24 20
25 56
28 63
28 37
28 30
29 51
30 56
33 93
34 55
34 46
35 78
35 54
37 73
40 81
40 86
40 47
42 75
46 85
46 98
48 89
53 96
54 81
55 36
55 83
56 62
56 69
63 78
63 84
70 84
71 15
74 76
74 99
76 81
78 87
78 45
78 15
78 50
84 96
87 93
87 95
95 18
96 75