1 2 3 4 7 8 9 10 11 12 13 15 16 18 19 20 21 23 25 27 28 33 40 43 44 47 59 64 66 67 68 69 76 78 79 83 87 88 89 91 93 94 97 98 99 55 57 58 48 84 54 14 61 53 65 51 35 32 46 70 75 36 17 34 22 0 26 72 39 62 56 95 82 52 24 85 86 60 90
1 28
2 32
2 33
3 35
3 36
3 34
4 39
7 48
7 47
7 46
8 51
9 54
9 53
9 52
10 55
10 57
10 56
11 58
11 59
11 60
12 61
13 65
13 66
13 64
15 70
15 72
16 75
18 79
19 83
19 84
19 82
20 87
20 85
20 86
21 89
21 88
21 90
23 94
25 36
25 0
27 34
28 47
40 35
43 34
44 26
59 61
59 75
67 14
67 99
68 87
68 14
68 35
69 14
76 46
76 17
78 17
79 48
83 57
83 87
83 58
83 95
87 70
88 65
88 32
89 55
89 48
89 62
91 65
91 22
93 22
94 53
97 84
97 24
98 54
98 51
84 54
0 26
72 39