1 2 3 5 6 8 9 10 11 12 13 17 19 20 21 22 23 24 25 26 27 33 36 37 38 39 47 48 59 60 63 66 67 69 71 72 73 75 79 80 81 82 95 58 29 15 77 78 52 7 32 70 42 30 0 46 84 4 18 43 14 98 61 86 91 50 56 16 90 28 64 76 65 53 99 54 31
1 29
1 30
1 28
2 32
2 33
2 31
3 36
5 42
6 43
8 50
9 52
9 54
10 56
11 59
11 60
11 58
12 61
13 66
13 65
17 77
17 78
19 84
19 82
20 86
21 90
22 91
23 95
24 98
25 78
25 42
25 0
26 0
27 0
27 98
36 30
37 4
37 91
38 4
39 46
39 4
47 60
47 52
47 7
47 32
47 53
47 99
48 7
48 61
60 29
60 64
63 61
66 72
66 43
67 14
67 50
69 70
69 14
71 15
71 84
72 58
72 15
72 77
72 76
73 32
73 86
73 16
75 16
75 90
79 18
80 30
80 18
80 95
80 56
81 18
15 70
7 46