0 1 2 3 4 5 6 7 8 9 10 13 14 15 17 18 21 22 23 24 25 27 28 29 32 38 40 44 53 54 55 56 63 64 65 70 72 73 84 85 88 91 99 57 89 92 74 50 49 61 66 20 62 30 97 75 76 77 78 79 80 81 82 83 86 87 90 93 94 95 96 98 60 37 58 42
0 44
0 4
0 7
0 84
0 91
0 99
0 88
0 85
0 89
0 92
0 74
0 97
0 75
0 76
0 77
0 78
0 79
0 80
0 81
0 82
0 83
0 86
0 87
0 90
0 93
0 94
0 95
0 96
0 98
1 74
1 3
2 66
3 63
4 30
4 37
4 58
5 38
6 20
7 42
8 49
8 18
9 15
10 61
10 66
10 62
13 40
14 53
14 73
15 44
15 64
15 60
17 89
17 32
17 49
17 70
21 92
22 38
22 72
23 63
24 57
24 55
25 61
25 65
27 30
27 54
28 97
28 56
29 32
29 61
38 62
40 50
44 53
53 50
64 57
70 20