0 1 2 3 4 5 6 7 8 11 12 14 15 16 17 21 25 26 28 29 30 32 33 34 36 39 45 46 48 49 50 51 55 56 59 60 62 64 67 69 71 75 77 81 87 88 90 91 93 95 96 97 9 27 18 42 80 89 70 85 82 31 19 13 10 63 58 86
0 9
0 29
0 27
0 13
1 3
1 59
2 46
2 32
2 48
2 49
2 69
2 67
2 42
2 70
3 18
3 14
4 33
4 11
5 7
5 18
5 88
5 6
5 34
5 50
5 60
6 80
7 12
7 93
7 64
8 80
11 77
12 9
12 45
12 85
12 10
12 63
12 58
15 9
16 25
17 42
21 30
25 85
25 51
26 45
26 19
28 70
28 95
29 55
29 91
29 56
30 89
33 46
33 86
34 96
36 19
39 48
46 27
48 89
56 75
62 67
71 31
81 89
87 85
87 82
87 31
90 93
97 82