0 1 2 3 4 5 6 7 8 9 10 12 14 17 20 21 22 23 24 25 26 28 29 30 31 32 33 34 36 60 45 37 40 41 13 19 38 39 42 43 44 46 47 48 49 50 51 52 53 54 55 56 57 58 59 61 62 63 64 65 66 67 27 75 15 94
0 14
0 8
0 60
0 45
0 40
0 41
0 38
0 39
0 42
0 43
0 44
0 46
0 47
0 48
0 49
0 50
0 51
0 52
0 53
0 54
0 55
0 56
0 57
0 58
0 59
0 61
0 62
0 63
0 64
0 65
0 66
0 67
1 32
1 23
2 24
2 32
3 31
4 14
4 15
4 94
5 40
5 24
6 41
6 26
7 37
7 28
8 37
9 12
9 17
10 45
12 28
14 22
14 27
14 75
20 13
21 19
25 26
26 13
29 30
29 36
30 60
30 19
31 36
33 36
34 13